[0.016s] Invoking command in '/home/thaslim/ros2_ws/build/remus100_sim': CMAKE_PREFIX_PATH=${CMAKE_PREFIX_PATH}:/home/thaslim/ros2_ws/install/talker_listener:/home/thaslim/ros2_ws/install/submarine_control:/opt/ros/humble /usr/bin/cmake /home/thaslim/ros2_ws/src/remus100_sim -DCMAKE_INSTALL_PREFIX=/home/thaslim/ros2_ws/install/remus100_sim
[0.093s] -- The C compiler identification is GNU 11.4.0
[0.180s] -- The CXX compiler identification is GNU 11.4.0
[0.190s] -- Detecting C compiler ABI info
[0.281s] -- Detecting C compiler ABI info - done
[0.294s] -- Check for working C compiler: /usr/bin/cc - skipped
[0.294s] -- Detecting C compile features
[0.294s] -- Detecting C compile features - done
[0.299s] -- Detecting CXX compiler ABI info
[0.407s] -- Detecting CXX compiler ABI info - done
[0.418s] -- Check for working CXX compiler: /usr/bin/c++ - skipped
[0.419s] -- Detecting CXX compile features
[0.419s] -- Detecting CXX compile features - done
[0.421s] -- Found ament_cmake: 1.3.11 (/opt/ros/humble/share/ament_cmake/cmake)
[0.641s] -- Found Python3: /usr/bin/python3 (found version "3.10.12") found components: Interpreter 
[0.759s] -- Found rclpy: 3.3.15 (/opt/ros/humble/share/rclpy/cmake)
[0.761s] -- Found geometry_msgs: 4.2.4 (/opt/ros/humble/share/geometry_msgs/cmake)
[0.803s] -- Found rosidl_generator_c: 3.1.6 (/opt/ros/humble/share/rosidl_generator_c/cmake)
[0.809s] -- Found rosidl_adapter: 3.1.6 (/opt/ros/humble/share/rosidl_adapter/cmake)
[0.818s] -- Found rosidl_generator_cpp: 3.1.6 (/opt/ros/humble/share/rosidl_generator_cpp/cmake)
[0.835s] -- Using all available rosidl_typesupport_c: rosidl_typesupport_fastrtps_c;rosidl_typesupport_introspection_c
[0.856s] -- Using all available rosidl_typesupport_cpp: rosidl_typesupport_fastrtps_cpp;rosidl_typesupport_introspection_cpp
[0.998s] -- Configuring done
[1.001s] -- Generating done
[1.004s] -- Build files have been written to: /home/thaslim/ros2_ws/build/remus100_sim
[1.013s] Invoked command in '/home/thaslim/ros2_ws/build/remus100_sim' returned '0': CMAKE_PREFIX_PATH=${CMAKE_PREFIX_PATH}:/home/thaslim/ros2_ws/install/talker_listener:/home/thaslim/ros2_ws/install/submarine_control:/opt/ros/humble /usr/bin/cmake /home/thaslim/ros2_ws/src/remus100_sim -DCMAKE_INSTALL_PREFIX=/home/thaslim/ros2_ws/install/remus100_sim
[1.016s] Invoking command in '/home/thaslim/ros2_ws/build/remus100_sim': CMAKE_PREFIX_PATH=${CMAKE_PREFIX_PATH}:/home/thaslim/ros2_ws/install/talker_listener:/home/thaslim/ros2_ws/install/submarine_control:/opt/ros/humble /usr/bin/cmake --build /home/thaslim/ros2_ws/build/remus100_sim -- -j12 -l12
[1.070s] Invoked command in '/home/thaslim/ros2_ws/build/remus100_sim' returned '0': CMAKE_PREFIX_PATH=${CMAKE_PREFIX_PATH}:/home/thaslim/ros2_ws/install/talker_listener:/home/thaslim/ros2_ws/install/submarine_control:/opt/ros/humble /usr/bin/cmake --build /home/thaslim/ros2_ws/build/remus100_sim -- -j12 -l12
[1.083s] Invoking command in '/home/thaslim/ros2_ws/build/remus100_sim': CMAKE_PREFIX_PATH=${CMAKE_PREFIX_PATH}:/home/thaslim/ros2_ws/install/talker_listener:/home/thaslim/ros2_ws/install/submarine_control:/opt/ros/humble /usr/bin/cmake --install /home/thaslim/ros2_ws/build/remus100_sim
[1.094s] -- Install configuration: ""
[1.094s] -- Installing: /home/thaslim/ros2_ws/install/remus100_sim/lib/remus100_sim/robot_gui.py
[1.095s] -- Installing: /home/thaslim/ros2_ws/install/remus100_sim/share/remus100_sim/launch
[1.095s] -- Installing: /home/thaslim/ros2_ws/install/remus100_sim/share/remus100_sim/launch/launch_sim.launch.py
[1.095s] -- Installing: /home/thaslim/ros2_ws/install/remus100_sim/share/remus100_sim/launch/launch_sim.py
[1.095s] -- Installing: /home/thaslim/ros2_ws/install/remus100_sim/share/remus100_sim/launch/auv_robot.launch.py
[1.095s] -- Installing: /home/thaslim/ros2_ws/install/remus100_sim/share/ament_index/resource_index/package_run_dependencies/remus100_sim
[1.095s] -- Installing: /home/thaslim/ros2_ws/install/remus100_sim/share/ament_index/resource_index/parent_prefix_path/remus100_sim
[1.095s] -- Installing: /home/thaslim/ros2_ws/install/remus100_sim/share/remus100_sim/environment/ament_prefix_path.sh
[1.095s] -- Installing: /home/thaslim/ros2_ws/install/remus100_sim/share/remus100_sim/environment/ament_prefix_path.dsv
[1.095s] -- Installing: /home/thaslim/ros2_ws/install/remus100_sim/share/remus100_sim/environment/path.sh
[1.096s] -- Installing: /home/thaslim/ros2_ws/install/remus100_sim/share/remus100_sim/environment/path.dsv
[1.096s] -- Installing: /home/thaslim/ros2_ws/install/remus100_sim/share/remus100_sim/local_setup.bash
[1.096s] -- Installing: /home/thaslim/ros2_ws/install/remus100_sim/share/remus100_sim/local_setup.sh
[1.096s] -- Installing: /home/thaslim/ros2_ws/install/remus100_sim/share/remus100_sim/local_setup.zsh
[1.096s] -- Installing: /home/thaslim/ros2_ws/install/remus100_sim/share/remus100_sim/local_setup.dsv
[1.096s] -- Installing: /home/thaslim/ros2_ws/install/remus100_sim/share/remus100_sim/package.dsv
[1.096s] -- Installing: /home/thaslim/ros2_ws/install/remus100_sim/share/ament_index/resource_index/packages/remus100_sim
[1.096s] -- Installing: /home/thaslim/ros2_ws/install/remus100_sim/share/remus100_sim/cmake/remus100_simConfig.cmake
[1.096s] -- Installing: /home/thaslim/ros2_ws/install/remus100_sim/share/remus100_sim/cmake/remus100_simConfig-version.cmake
[1.096s] -- Installing: /home/thaslim/ros2_ws/install/remus100_sim/share/remus100_sim/package.xml
[1.099s] Invoked command in '/home/thaslim/ros2_ws/build/remus100_sim' returned '0': CMAKE_PREFIX_PATH=${CMAKE_PREFIX_PATH}:/home/thaslim/ros2_ws/install/talker_listener:/home/thaslim/ros2_ws/install/submarine_control:/opt/ros/humble /usr/bin/cmake --install /home/thaslim/ros2_ws/build/remus100_sim
