running develop
running egg_info
creating submarine_control.egg-info
writing submarine_control.egg-info/PKG-INFO
writing dependency_links to submarine_control.egg-info/dependency_links.txt
writing entry points to submarine_control.egg-info/entry_points.txt
writing requirements to submarine_control.egg-info/requires.txt
writing top-level names to submarine_control.egg-info/top_level.txt
writing manifest file 'submarine_control.egg-info/SOURCES.txt'
reading manifest file 'submarine_control.egg-info/SOURCES.txt'
writing manifest file 'submarine_control.egg-info/SOURCES.txt'
running build_ext
Creating /home/thaslim/ros2_ws/install/submarine_control/lib/python3.10/site-packages/submarine-control.egg-link (link to .)

Installed /home/thaslim/ros2_ws/build/submarine_control
running symlink_data
creating /home/thaslim/ros2_ws/install/submarine_control/share/ament_index
creating /home/thaslim/ros2_ws/install/submarine_control/share/ament_index/resource_index
creating /home/thaslim/ros2_ws/install/submarine_control/share/ament_index/resource_index/packages
symbolically linking /home/thaslim/ros2_ws/build/submarine_control/resource/submarine_control -> /home/thaslim/ros2_ws/install/submarine_control/share/ament_index/resource_index/packages
symbolically linking /home/thaslim/ros2_ws/build/submarine_control/package.xml -> /home/thaslim/ros2_ws/install/submarine_control/share/submarine_control
