[2.265s] Invoking command in '/home/thaslim/ros2_ws/build/talker_listener': PYTHONPATH=/home/thaslim/ros2_ws/build/talker_listener/prefix_override:/usr/lib/python3/dist-packages/colcon_core/task/python/colcon_distutils_commands:/home/thaslim/ros2_ws/install/talker_listener/lib/python3.10/site-packages:${PYTHONPATH} /usr/bin/python3 -W ignore:setup.py install is deprecated -W ignore:easy_install command is deprecated setup.py develop --editable --build-directory /home/thaslim/ros2_ws/build/talker_listener/build --no-deps symlink_data
[2.910s] running develop
[3.432s] running egg_info
[3.432s] creating talker_listener.egg-info
[3.432s] writing talker_listener.egg-info/PKG-INFO
[3.433s] writing dependency_links to talker_listener.egg-info/dependency_links.txt
[3.433s] writing entry points to talker_listener.egg-info/entry_points.txt
[3.433s] writing requirements to talker_listener.egg-info/requires.txt
[3.433s] writing top-level names to talker_listener.egg-info/top_level.txt
[3.433s] writing manifest file 'talker_listener.egg-info/SOURCES.txt'
[3.436s] reading manifest file 'talker_listener.egg-info/SOURCES.txt'
[3.436s] writing manifest file 'talker_listener.egg-info/SOURCES.txt'
[3.439s] running build_ext
[3.439s] Creating /home/thaslim/ros2_ws/install/talker_listener/lib/python3.10/site-packages/talker-listener.egg-link (link to .)
[3.440s] 
[3.440s] Installed /home/thaslim/ros2_ws/build/talker_listener
[3.440s] running symlink_data
[3.440s] creating /home/thaslim/ros2_ws/install/talker_listener/share/ament_index
[3.441s] creating /home/thaslim/ros2_ws/install/talker_listener/share/ament_index/resource_index
[3.441s] creating /home/thaslim/ros2_ws/install/talker_listener/share/ament_index/resource_index/packages
[3.441s] symbolically linking /home/thaslim/ros2_ws/build/talker_listener/resource/talker_listener -> /home/thaslim/ros2_ws/install/talker_listener/share/ament_index/resource_index/packages
[3.441s] symbolically linking /home/thaslim/ros2_ws/build/talker_listener/package.xml -> /home/thaslim/ros2_ws/install/talker_listener/share/talker_listener
[3.513s] Invoked command in '/home/thaslim/ros2_ws/build/talker_listener' returned '0': PYTHONPATH=/home/thaslim/ros2_ws/build/talker_listener/prefix_override:/usr/lib/python3/dist-packages/colcon_core/task/python/colcon_distutils_commands:/home/thaslim/ros2_ws/install/talker_listener/lib/python3.10/site-packages:${PYTHONPATH} /usr/bin/python3 -W ignore:setup.py install is deprecated -W ignore:easy_install command is deprecated setup.py develop --editable --build-directory /home/thaslim/ros2_ws/build/talker_listener/build --no-deps symlink_data
