[0.000000] (-) TimerEvent: {}
[0.000434] (-) JobUnselected: {'identifier': 'submarine_control'}
[0.001193] (-) JobUnselected: {'identifier': 'talker_listener'}
[0.001299] (remus100_sim) JobQueued: {'identifier': 'remus100_sim', 'dependencies': OrderedDict()}
[0.001465] (remus100_sim) JobStarted: {'identifier': 'remus100_sim'}
[0.011746] (remus100_sim) JobProgress: {'identifier': 'remus100_sim', 'progress': 'cmake'}
[0.012695] (remus100_sim) Command: {'cmd': ['/usr/bin/cmake', '/home/thaslim/ros2_ws/src/remus100_sim', '-DCMAKE_INSTALL_PREFIX=/home/thaslim/ros2_ws/install/remus100_sim'], 'cwd': '/home/thaslim/ros2_ws/build/remus100_sim', 'env': OrderedDict([('LANGUAGE', 'en_IN:en'), ('USER', 'thaslim'), ('XDG_SESSION_TYPE', 'wayland'), ('SHLVL', '1'), ('LD_LIBRARY_PATH', '/usr/lib/x86_64-linux-gnu/gazebo-11/plugins:/opt/ros/humble/opt/rviz_ogre_vendor/lib:/opt/ros/humble/lib/x86_64-linux-gnu:/opt/ros/humble/lib'), ('HOME', '/home/thaslim'), ('OLDPWD', '/home/thaslim/ros2_ws'), ('DESKTOP_SESSION', 'ubuntu'), ('ROS_PYTHON_VERSION', '3'), ('GNOME_SHELL_SESSION_MODE', 'ubuntu'), ('GTK_MODULES', 'gail:atk-bridge'), ('DBUS_STARTER_BUS_TYPE', 'session'), ('SYSTEMD_EXEC_PID', '1536'), ('DBUS_SESSION_BUS_ADDRESS', 'unix:path=/run/user/1000/bus,guid=a3ebce10a0bf3bd1e335610d67e61b4a'), ('COLORTERM', 'truecolor'), ('IM_CONFIG_PHASE', '1'), ('WAYLAND_DISPLAY', 'wayland-0'), ('COLCON_PREFIX_PATH', '/home/thaslim/ros2_ws/install:/home/thaslim/ros2_ws/src/remus100_sim/install'), ('ROS_DISTRO', 'humble'), ('LOGNAME', 'thaslim'), ('_', '/usr/bin/colcon'), ('ROS_VERSION', '2'), ('XDG_SESSION_CLASS', 'user'), ('USERNAME', 'thaslim'), ('TERM', 'xterm-256color'), ('GAZEBO_MODEL_PATH', ':/home/thaslim/ros2_ws/src/remus100_sim/models'), ('GNOME_DESKTOP_SESSION_ID', 'this-is-deprecated'), ('ROS_LOCALHOST_ONLY', '0'), ('PATH', '/opt/ros/humble/bin:/usr/local/sbin:/usr/local/bin:/usr/sbin:/usr/bin:/sbin:/bin:/usr/games:/usr/local/games:/snap/bin:/snap/bin'), ('SESSION_MANAGER', 'local/thaslim-Vostro-3420:@/tmp/.ICE-unix/1536,unix/thaslim-Vostro-3420:/tmp/.ICE-unix/1536'), ('XDG_MENU_PREFIX', 'gnome-'), ('GNOME_TERMINAL_SCREEN', '/org/gnome/Terminal/screen/33afb9af_7fe7_4611_a348_642b732a3ff5'), ('GNOME_SETUP_DISPLAY', ':1'), ('XDG_RUNTIME_DIR', '/run/user/1000'), ('DISPLAY', ':0'), ('LANG', 'en_US.UTF-8'), ('XDG_CURRENT_DESKTOP', 'ubuntu:GNOME'), ('XMODIFIERS', '@im=ibus'), ('XDG_SESSION_DESKTOP', 'ubuntu'), ('XAUTHORITY', '/run/user/1000/.mutter-Xwaylandauth.303A42'), ('GNOME_TERMINAL_SERVICE', ':1.130'), ('SSH_AGENT_LAUNCHER', 'gnome-keyring'), ('SSH_AUTH_SOCK', '/run/user/1000/keyring/ssh'), ('AMENT_PREFIX_PATH', '/home/thaslim/ros2_ws/install/talker_listener:/home/thaslim/ros2_ws/install/submarine_control:/home/thaslim/ros2_ws/install/remus100_sim:/opt/ros/humble'), ('SHELL', '/bin/bash'), ('QT_ACCESSIBILITY', '1'), ('GDMSESSION', 'ubuntu'), ('QT_IM_MODULE', 'ibus'), ('PWD', '/home/thaslim/ros2_ws/build/remus100_sim'), ('LC_ALL', 'en_US.UTF-8'), ('XDG_CONFIG_DIRS', '/etc/xdg/xdg-ubuntu:/etc/xdg'), ('DBUS_STARTER_ADDRESS', 'unix:path=/run/user/1000/bus,guid=a3ebce10a0bf3bd1e335610d67e61b4a'), ('XDG_DATA_DIRS', '/usr/share/ubuntu:/usr/local/share/:/usr/share/:/var/lib/snapd/desktop'), ('PYTHONPATH', '/home/thaslim/ros2_ws/build/talker_listener:/home/thaslim/ros2_ws/install/talker_listener/lib/python3.10/site-packages:/home/thaslim/ros2_ws/build/submarine_control:/home/thaslim/ros2_ws/install/submarine_control/lib/python3.10/site-packages:/opt/ros/humble/lib/python3.10/site-packages:/opt/ros/humble/local/lib/python3.10/dist-packages'), ('COLCON', '1'), ('VTE_VERSION', '6800'), ('CMAKE_PREFIX_PATH', '/home/thaslim/ros2_ws/install/remus100_sim:/home/thaslim/ros2_ws/install/talker_listener:/home/thaslim/ros2_ws/install/submarine_control:/opt/ros/humble')]), 'shell': False}
[0.094309] (remus100_sim) StdoutLine: {'line': b'-- The C compiler identification is GNU 11.4.0\n'}
[0.099708] (-) TimerEvent: {}
[0.181777] (remus100_sim) StdoutLine: {'line': b'-- The CXX compiler identification is GNU 11.4.0\n'}
[0.191816] (remus100_sim) StdoutLine: {'line': b'-- Detecting C compiler ABI info\n'}
[0.199880] (-) TimerEvent: {}
[0.282847] (remus100_sim) StdoutLine: {'line': b'-- Detecting C compiler ABI info - done\n'}
[0.294942] (remus100_sim) StdoutLine: {'line': b'-- Check for working C compiler: /usr/bin/cc - skipped\n'}
[0.295305] (remus100_sim) StdoutLine: {'line': b'-- Detecting C compile features\n'}
[0.295755] (remus100_sim) StdoutLine: {'line': b'-- Detecting C compile features - done\n'}
[0.299992] (-) TimerEvent: {}
[0.300287] (remus100_sim) StdoutLine: {'line': b'-- Detecting CXX compiler ABI info\n'}
[0.400365] (-) TimerEvent: {}
[0.408341] (remus100_sim) StdoutLine: {'line': b'-- Detecting CXX compiler ABI info - done\n'}
[0.419749] (remus100_sim) StdoutLine: {'line': b'-- Check for working CXX compiler: /usr/bin/c++ - skipped\n'}
[0.420190] (remus100_sim) StdoutLine: {'line': b'-- Detecting CXX compile features\n'}
[0.420726] (remus100_sim) StdoutLine: {'line': b'-- Detecting CXX compile features - done\n'}
[0.422901] (remus100_sim) StdoutLine: {'line': b'-- Found ament_cmake: 1.3.11 (/opt/ros/humble/share/ament_cmake/cmake)\n'}
[0.500511] (-) TimerEvent: {}
[0.600905] (-) TimerEvent: {}
[0.642020] (remus100_sim) StdoutLine: {'line': b'-- Found Python3: /usr/bin/python3 (found version "3.10.12") found components: Interpreter \n'}
[0.701024] (-) TimerEvent: {}
[0.760646] (remus100_sim) StdoutLine: {'line': b'-- Found rclpy: 3.3.15 (/opt/ros/humble/share/rclpy/cmake)\n'}
[0.762221] (remus100_sim) StdoutLine: {'line': b'-- Found geometry_msgs: 4.2.4 (/opt/ros/humble/share/geometry_msgs/cmake)\n'}
[0.801192] (-) TimerEvent: {}
[0.804827] (remus100_sim) StdoutLine: {'line': b'-- Found rosidl_generator_c: 3.1.6 (/opt/ros/humble/share/rosidl_generator_c/cmake)\n'}
[0.810263] (remus100_sim) StdoutLine: {'line': b'-- Found rosidl_adapter: 3.1.6 (/opt/ros/humble/share/rosidl_adapter/cmake)\n'}
[0.819681] (remus100_sim) StdoutLine: {'line': b'-- Found rosidl_generator_cpp: 3.1.6 (/opt/ros/humble/share/rosidl_generator_cpp/cmake)\n'}
[0.836383] (remus100_sim) StdoutLine: {'line': b'-- Using all available rosidl_typesupport_c: rosidl_typesupport_fastrtps_c;rosidl_typesupport_introspection_c\n'}
[0.857125] (remus100_sim) StdoutLine: {'line': b'-- Using all available rosidl_typesupport_cpp: rosidl_typesupport_fastrtps_cpp;rosidl_typesupport_introspection_cpp\n'}
[0.901427] (-) TimerEvent: {}
[0.999243] (remus100_sim) StdoutLine: {'line': b'-- Configuring done\n'}
[1.001552] (-) TimerEvent: {}
[1.002659] (remus100_sim) StdoutLine: {'line': b'-- Generating done\n'}
[1.005188] (remus100_sim) StdoutLine: {'line': b'-- Build files have been written to: /home/thaslim/ros2_ws/build/remus100_sim\n'}
[1.014686] (remus100_sim) CommandEnded: {'returncode': 0}
[1.015515] (remus100_sim) JobProgress: {'identifier': 'remus100_sim', 'progress': 'build'}
[1.017340] (remus100_sim) Command: {'cmd': ['/usr/bin/cmake', '--build', '/home/thaslim/ros2_ws/build/remus100_sim', '--', '-j12', '-l12'], 'cwd': '/home/thaslim/ros2_ws/build/remus100_sim', 'env': OrderedDict([('LANGUAGE', 'en_IN:en'), ('USER', 'thaslim'), ('XDG_SESSION_TYPE', 'wayland'), ('SHLVL', '1'), ('LD_LIBRARY_PATH', '/usr/lib/x86_64-linux-gnu/gazebo-11/plugins:/opt/ros/humble/opt/rviz_ogre_vendor/lib:/opt/ros/humble/lib/x86_64-linux-gnu:/opt/ros/humble/lib'), ('HOME', '/home/thaslim'), ('OLDPWD', '/home/thaslim/ros2_ws'), ('DESKTOP_SESSION', 'ubuntu'), ('ROS_PYTHON_VERSION', '3'), ('GNOME_SHELL_SESSION_MODE', 'ubuntu'), ('GTK_MODULES', 'gail:atk-bridge'), ('DBUS_STARTER_BUS_TYPE', 'session'), ('SYSTEMD_EXEC_PID', '1536'), ('DBUS_SESSION_BUS_ADDRESS', 'unix:path=/run/user/1000/bus,guid=a3ebce10a0bf3bd1e335610d67e61b4a'), ('COLORTERM', 'truecolor'), ('IM_CONFIG_PHASE', '1'), ('WAYLAND_DISPLAY', 'wayland-0'), ('COLCON_PREFIX_PATH', '/home/thaslim/ros2_ws/install:/home/thaslim/ros2_ws/src/remus100_sim/install'), ('ROS_DISTRO', 'humble'), ('LOGNAME', 'thaslim'), ('_', '/usr/bin/colcon'), ('ROS_VERSION', '2'), ('XDG_SESSION_CLASS', 'user'), ('USERNAME', 'thaslim'), ('TERM', 'xterm-256color'), ('GAZEBO_MODEL_PATH', ':/home/thaslim/ros2_ws/src/remus100_sim/models'), ('GNOME_DESKTOP_SESSION_ID', 'this-is-deprecated'), ('ROS_LOCALHOST_ONLY', '0'), ('PATH', '/opt/ros/humble/bin:/usr/local/sbin:/usr/local/bin:/usr/sbin:/usr/bin:/sbin:/bin:/usr/games:/usr/local/games:/snap/bin:/snap/bin'), ('SESSION_MANAGER', 'local/thaslim-Vostro-3420:@/tmp/.ICE-unix/1536,unix/thaslim-Vostro-3420:/tmp/.ICE-unix/1536'), ('XDG_MENU_PREFIX', 'gnome-'), ('GNOME_TERMINAL_SCREEN', '/org/gnome/Terminal/screen/33afb9af_7fe7_4611_a348_642b732a3ff5'), ('GNOME_SETUP_DISPLAY', ':1'), ('XDG_RUNTIME_DIR', '/run/user/1000'), ('DISPLAY', ':0'), ('LANG', 'en_US.UTF-8'), ('XDG_CURRENT_DESKTOP', 'ubuntu:GNOME'), ('XMODIFIERS', '@im=ibus'), ('XDG_SESSION_DESKTOP', 'ubuntu'), ('XAUTHORITY', '/run/user/1000/.mutter-Xwaylandauth.303A42'), ('GNOME_TERMINAL_SERVICE', ':1.130'), ('SSH_AGENT_LAUNCHER', 'gnome-keyring'), ('SSH_AUTH_SOCK', '/run/user/1000/keyring/ssh'), ('AMENT_PREFIX_PATH', '/home/thaslim/ros2_ws/install/talker_listener:/home/thaslim/ros2_ws/install/submarine_control:/home/thaslim/ros2_ws/install/remus100_sim:/opt/ros/humble'), ('SHELL', '/bin/bash'), ('QT_ACCESSIBILITY', '1'), ('GDMSESSION', 'ubuntu'), ('QT_IM_MODULE', 'ibus'), ('PWD', '/home/thaslim/ros2_ws/build/remus100_sim'), ('LC_ALL', 'en_US.UTF-8'), ('XDG_CONFIG_DIRS', '/etc/xdg/xdg-ubuntu:/etc/xdg'), ('DBUS_STARTER_ADDRESS', 'unix:path=/run/user/1000/bus,guid=a3ebce10a0bf3bd1e335610d67e61b4a'), ('XDG_DATA_DIRS', '/usr/share/ubuntu:/usr/local/share/:/usr/share/:/var/lib/snapd/desktop'), ('PYTHONPATH', '/home/thaslim/ros2_ws/build/talker_listener:/home/thaslim/ros2_ws/install/talker_listener/lib/python3.10/site-packages:/home/thaslim/ros2_ws/build/submarine_control:/home/thaslim/ros2_ws/install/submarine_control/lib/python3.10/site-packages:/opt/ros/humble/lib/python3.10/site-packages:/opt/ros/humble/local/lib/python3.10/dist-packages'), ('COLCON', '1'), ('VTE_VERSION', '6800'), ('CMAKE_PREFIX_PATH', '/home/thaslim/ros2_ws/install/remus100_sim:/home/thaslim/ros2_ws/install/talker_listener:/home/thaslim/ros2_ws/install/submarine_control:/opt/ros/humble')]), 'shell': False}
[1.071268] (remus100_sim) CommandEnded: {'returncode': 0}
[1.072141] (remus100_sim) JobProgress: {'identifier': 'remus100_sim', 'progress': 'install'}
[1.082813] (remus100_sim) Command: {'cmd': ['/usr/bin/cmake', '--install', '/home/thaslim/ros2_ws/build/remus100_sim'], 'cwd': '/home/thaslim/ros2_ws/build/remus100_sim', 'env': OrderedDict([('LANGUAGE', 'en_IN:en'), ('USER', 'thaslim'), ('XDG_SESSION_TYPE', 'wayland'), ('SHLVL', '1'), ('LD_LIBRARY_PATH', '/usr/lib/x86_64-linux-gnu/gazebo-11/plugins:/opt/ros/humble/opt/rviz_ogre_vendor/lib:/opt/ros/humble/lib/x86_64-linux-gnu:/opt/ros/humble/lib'), ('HOME', '/home/thaslim'), ('OLDPWD', '/home/thaslim/ros2_ws'), ('DESKTOP_SESSION', 'ubuntu'), ('ROS_PYTHON_VERSION', '3'), ('GNOME_SHELL_SESSION_MODE', 'ubuntu'), ('GTK_MODULES', 'gail:atk-bridge'), ('DBUS_STARTER_BUS_TYPE', 'session'), ('SYSTEMD_EXEC_PID', '1536'), ('DBUS_SESSION_BUS_ADDRESS', 'unix:path=/run/user/1000/bus,guid=a3ebce10a0bf3bd1e335610d67e61b4a'), ('COLORTERM', 'truecolor'), ('IM_CONFIG_PHASE', '1'), ('WAYLAND_DISPLAY', 'wayland-0'), ('COLCON_PREFIX_PATH', '/home/thaslim/ros2_ws/install:/home/thaslim/ros2_ws/src/remus100_sim/install'), ('ROS_DISTRO', 'humble'), ('LOGNAME', 'thaslim'), ('_', '/usr/bin/colcon'), ('ROS_VERSION', '2'), ('XDG_SESSION_CLASS', 'user'), ('USERNAME', 'thaslim'), ('TERM', 'xterm-256color'), ('GAZEBO_MODEL_PATH', ':/home/thaslim/ros2_ws/src/remus100_sim/models'), ('GNOME_DESKTOP_SESSION_ID', 'this-is-deprecated'), ('ROS_LOCALHOST_ONLY', '0'), ('PATH', '/opt/ros/humble/bin:/usr/local/sbin:/usr/local/bin:/usr/sbin:/usr/bin:/sbin:/bin:/usr/games:/usr/local/games:/snap/bin:/snap/bin'), ('SESSION_MANAGER', 'local/thaslim-Vostro-3420:@/tmp/.ICE-unix/1536,unix/thaslim-Vostro-3420:/tmp/.ICE-unix/1536'), ('XDG_MENU_PREFIX', 'gnome-'), ('GNOME_TERMINAL_SCREEN', '/org/gnome/Terminal/screen/33afb9af_7fe7_4611_a348_642b732a3ff5'), ('GNOME_SETUP_DISPLAY', ':1'), ('XDG_RUNTIME_DIR', '/run/user/1000'), ('DISPLAY', ':0'), ('LANG', 'en_US.UTF-8'), ('XDG_CURRENT_DESKTOP', 'ubuntu:GNOME'), ('XMODIFIERS', '@im=ibus'), ('XDG_SESSION_DESKTOP', 'ubuntu'), ('XAUTHORITY', '/run/user/1000/.mutter-Xwaylandauth.303A42'), ('GNOME_TERMINAL_SERVICE', ':1.130'), ('SSH_AGENT_LAUNCHER', 'gnome-keyring'), ('SSH_AUTH_SOCK', '/run/user/1000/keyring/ssh'), ('AMENT_PREFIX_PATH', '/home/thaslim/ros2_ws/install/talker_listener:/home/thaslim/ros2_ws/install/submarine_control:/home/thaslim/ros2_ws/install/remus100_sim:/opt/ros/humble'), ('SHELL', '/bin/bash'), ('QT_ACCESSIBILITY', '1'), ('GDMSESSION', 'ubuntu'), ('QT_IM_MODULE', 'ibus'), ('PWD', '/home/thaslim/ros2_ws/build/remus100_sim'), ('LC_ALL', 'en_US.UTF-8'), ('XDG_CONFIG_DIRS', '/etc/xdg/xdg-ubuntu:/etc/xdg'), ('DBUS_STARTER_ADDRESS', 'unix:path=/run/user/1000/bus,guid=a3ebce10a0bf3bd1e335610d67e61b4a'), ('XDG_DATA_DIRS', '/usr/share/ubuntu:/usr/local/share/:/usr/share/:/var/lib/snapd/desktop'), ('PYTHONPATH', '/home/thaslim/ros2_ws/build/talker_listener:/home/thaslim/ros2_ws/install/talker_listener/lib/python3.10/site-packages:/home/thaslim/ros2_ws/build/submarine_control:/home/thaslim/ros2_ws/install/submarine_control/lib/python3.10/site-packages:/opt/ros/humble/lib/python3.10/site-packages:/opt/ros/humble/local/lib/python3.10/dist-packages'), ('COLCON', '1'), ('VTE_VERSION', '6800'), ('CMAKE_PREFIX_PATH', '/home/thaslim/ros2_ws/install/remus100_sim:/home/thaslim/ros2_ws/install/talker_listener:/home/thaslim/ros2_ws/install/submarine_control:/opt/ros/humble')]), 'shell': False}
[1.095493] (remus100_sim) StdoutLine: {'line': b'-- Install configuration: ""\n'}
[1.095866] (remus100_sim) StdoutLine: {'line': b'-- Installing: /home/thaslim/ros2_ws/install/remus100_sim/lib/remus100_sim/robot_gui.py\n'}
[1.096024] (remus100_sim) StdoutLine: {'line': b'-- Installing: /home/thaslim/ros2_ws/install/remus100_sim/share/remus100_sim/launch\n'}
[1.096185] (remus100_sim) StdoutLine: {'line': b'-- Installing: /home/thaslim/ros2_ws/install/remus100_sim/share/remus100_sim/launch/launch_sim.launch.py\n'}
[1.096334] (remus100_sim) StdoutLine: {'line': b'-- Installing: /home/thaslim/ros2_ws/install/remus100_sim/share/remus100_sim/launch/launch_sim.py\n'}
[1.096438] (remus100_sim) StdoutLine: {'line': b'-- Installing: /home/thaslim/ros2_ws/install/remus100_sim/share/remus100_sim/launch/auv_robot.launch.py\n'}
[1.096533] (remus100_sim) StdoutLine: {'line': b'-- Installing: /home/thaslim/ros2_ws/install/remus100_sim/share/ament_index/resource_index/package_run_dependencies/remus100_sim\n'}
[1.096631] (remus100_sim) StdoutLine: {'line': b'-- Installing: /home/thaslim/ros2_ws/install/remus100_sim/share/ament_index/resource_index/parent_prefix_path/remus100_sim\n'}
[1.096727] (remus100_sim) StdoutLine: {'line': b'-- Installing: /home/thaslim/ros2_ws/install/remus100_sim/share/remus100_sim/environment/ament_prefix_path.sh\n'}
[1.096862] (remus100_sim) StdoutLine: {'line': b'-- Installing: /home/thaslim/ros2_ws/install/remus100_sim/share/remus100_sim/environment/ament_prefix_path.dsv\n'}
[1.096976] (remus100_sim) StdoutLine: {'line': b'-- Installing: /home/thaslim/ros2_ws/install/remus100_sim/share/remus100_sim/environment/path.sh\n'}
[1.097072] (remus100_sim) StdoutLine: {'line': b'-- Installing: /home/thaslim/ros2_ws/install/remus100_sim/share/remus100_sim/environment/path.dsv\n'}
[1.097165] (remus100_sim) StdoutLine: {'line': b'-- Installing: /home/thaslim/ros2_ws/install/remus100_sim/share/remus100_sim/local_setup.bash\n'}
[1.097267] (remus100_sim) StdoutLine: {'line': b'-- Installing: /home/thaslim/ros2_ws/install/remus100_sim/share/remus100_sim/local_setup.sh\n'}
[1.097422] (remus100_sim) StdoutLine: {'line': b'-- Installing: /home/thaslim/ros2_ws/install/remus100_sim/share/remus100_sim/local_setup.zsh\n'}
[1.097519] (remus100_sim) StdoutLine: {'line': b'-- Installing: /home/thaslim/ros2_ws/install/remus100_sim/share/remus100_sim/local_setup.dsv\n'}
[1.097613] (remus100_sim) StdoutLine: {'line': b'-- Installing: /home/thaslim/ros2_ws/install/remus100_sim/share/remus100_sim/package.dsv\n'}
[1.097705] (remus100_sim) StdoutLine: {'line': b'-- Installing: /home/thaslim/ros2_ws/install/remus100_sim/share/ament_index/resource_index/packages/remus100_sim\n'}
[1.097820] (remus100_sim) StdoutLine: {'line': b'-- Installing: /home/thaslim/ros2_ws/install/remus100_sim/share/remus100_sim/cmake/remus100_simConfig.cmake\n'}
[1.097908] (remus100_sim) StdoutLine: {'line': b'-- Installing: /home/thaslim/ros2_ws/install/remus100_sim/share/remus100_sim/cmake/remus100_simConfig-version.cmake\n'}
[1.097996] (remus100_sim) StdoutLine: {'line': b'-- Installing: /home/thaslim/ros2_ws/install/remus100_sim/share/remus100_sim/package.xml\n'}
[1.099794] (remus100_sim) CommandEnded: {'returncode': 0}
[1.101779] (-) TimerEvent: {}
[1.126806] (remus100_sim) JobEnded: {'identifier': 'remus100_sim', 'rc': 0}
[1.127930] (-) EventReactorShutdown: {}
