[0.000000] (-) TimerEvent: {}
[0.000175] (remus100_sim) JobQueued: {'identifier': 'remus100_sim', 'dependencies': OrderedDict()}
[0.000215] (submarine_control) JobQueued: {'identifier': 'submarine_control', 'dependencies': OrderedDict()}
[0.000238] (talker_listener) JobQueued: {'identifier': 'talker_listener', 'dependencies': OrderedDict()}
[0.001007] (remus100_sim) JobStarted: {'identifier': 'remus100_sim'}
[0.017325] (submarine_control) JobStarted: {'identifier': 'submarine_control'}
[0.032351] (talker_listener) JobStarted: {'identifier': 'talker_listener'}
[0.048908] (remus100_sim) JobProgress: {'identifier': 'remus100_sim', 'progress': 'cmake'}
[0.051273] (remus100_sim) Command: {'cmd': ['/usr/bin/cmake', '/home/thaslim/ros2_ws/src/remus100_sim', '-DAMENT_CMAKE_SYMLINK_INSTALL=1', '-DCMAKE_INSTALL_PREFIX=/home/thaslim/ros2_ws/install/remus100_sim'], 'cwd': '/home/thaslim/ros2_ws/build/remus100_sim', 'env': OrderedDict([('LANGUAGE', 'en_IN:en'), ('USER', 'thaslim'), ('XDG_SESSION_TYPE', 'wayland'), ('SHLVL', '1'), ('LD_LIBRARY_PATH', '/usr/lib/x86_64-linux-gnu/gazebo-11/plugins:/opt/ros/humble/opt/rviz_ogre_vendor/lib:/opt/ros/humble/lib/x86_64-linux-gnu:/opt/ros/humble/lib'), ('HOME', '/home/thaslim'), ('OLDPWD', '/home/thaslim/project'), ('DESKTOP_SESSION', 'ubuntu'), ('GAZEBO_MASTER_URI', 'http://127.0.0.1:11345'), ('ROS_PYTHON_VERSION', '3'), ('GNOME_SHELL_SESSION_MODE', 'ubuntu'), ('GTK_MODULES', 'gail:atk-bridge'), ('SYSTEMD_EXEC_PID', '3232'), ('DBUS_SESSION_BUS_ADDRESS', 'unix:path=/run/user/1000/bus'), ('COLORTERM', 'truecolor'), ('IM_CONFIG_PHASE', '1'), ('WAYLAND_DISPLAY', 'wayland-0'), ('COLCON_PREFIX_PATH', '/home/thaslim/ros2_ws/install:/home/thaslim/ros2_ws/src/remus100_sim/install'), ('ROS_DISTRO', 'humble'), ('LOGNAME', 'thaslim'), ('_', '/usr/bin/colcon'), ('ROS_VERSION', '2'), ('XDG_SESSION_CLASS', 'user'), ('USERNAME', 'thaslim'), ('TERM', 'xterm-256color'), ('GAZEBO_MODEL_PATH', ':/home/thaslim/ros2_ws/src/remus100_sim/models'), ('GNOME_DESKTOP_SESSION_ID', 'this-is-deprecated'), ('ROS_LOCALHOST_ONLY', '0'), ('PATH', '/opt/ros/humble/bin:/usr/local/sbin:/usr/local/bin:/usr/sbin:/usr/bin:/sbin:/bin:/usr/games:/usr/local/games:/snap/bin:/snap/bin'), ('SESSION_MANAGER', 'local/thaslim-Vostro-3420:@/tmp/.ICE-unix/1492,unix/thaslim-Vostro-3420:/tmp/.ICE-unix/1492'), ('XDG_MENU_PREFIX', 'gnome-'), ('GNOME_TERMINAL_SCREEN', '/org/gnome/Terminal/screen/52942262_519f_492f_954c_3393867d7939'), ('GNOME_SETUP_DISPLAY', ':1'), ('XDG_RUNTIME_DIR', '/run/user/1000'), ('DISPLAY', ':0'), ('LANG', 'en_US.UTF-8'), ('XDG_CURRENT_DESKTOP', 'ubuntu:GNOME'), ('XMODIFIERS', '@im=ibus'), ('XDG_SESSION_DESKTOP', 'ubuntu'), ('XAUTHORITY', '/run/user/1000/.mutter-Xwaylandauth.UBHE42'), ('GNOME_TERMINAL_SERVICE', ':1.108'), ('SSH_AGENT_LAUNCHER', 'gnome-keyring'), ('SSH_AUTH_SOCK', '/run/user/1000/keyring/ssh'), ('AMENT_PREFIX_PATH', '/home/thaslim/ros2_ws/install/remus100_sim:/opt/ros/humble'), ('SHELL', '/bin/bash'), ('QT_ACCESSIBILITY', '1'), ('GDMSESSION', 'ubuntu'), ('QT_IM_MODULE', 'ibus'), ('PWD', '/home/thaslim/ros2_ws/build/remus100_sim'), ('LC_ALL', 'en_US.UTF-8'), ('XDG_CONFIG_DIRS', '/etc/xdg/xdg-ubuntu:/etc/xdg'), ('XDG_DATA_DIRS', '/usr/share/ubuntu:/usr/local/share/:/usr/share/:/var/lib/snapd/desktop'), ('PYTHONPATH', '/opt/ros/humble/lib/python3.10/site-packages:/opt/ros/humble/local/lib/python3.10/dist-packages'), ('COLCON', '1'), ('VTE_VERSION', '6800'), ('CMAKE_PREFIX_PATH', '/home/thaslim/ros2_ws/install/remus100_sim:/opt/ros/humble')]), 'shell': False}
[0.099734] (-) TimerEvent: {}
[0.200424] (-) TimerEvent: {}
[0.301018] (-) TimerEvent: {}
[0.401527] (-) TimerEvent: {}
[0.502154] (-) TimerEvent: {}
[0.602761] (-) TimerEvent: {}
[0.703470] (-) TimerEvent: {}
[0.798263] (remus100_sim) StdoutLine: {'line': b'-- Found ament_cmake: 1.3.11 (/opt/ros/humble/share/ament_cmake/cmake)\n'}
[0.798863] (remus100_sim) StdoutLine: {'line': b'-- Override CMake install command with custom implementation using symlinks instead of copying resources\n'}
[0.799071] (remus100_sim) StdoutLine: {'line': b'-- Found rclpy: 3.3.15 (/opt/ros/humble/share/rclpy/cmake)\n'}
[0.799448] (remus100_sim) StdoutLine: {'line': b'-- Found geometry_msgs: 4.2.4 (/opt/ros/humble/share/geometry_msgs/cmake)\n'}
[0.799635] (remus100_sim) StdoutLine: {'line': b'-- Found rosidl_generator_c: 3.1.6 (/opt/ros/humble/share/rosidl_generator_c/cmake)\n'}
[0.800189] (remus100_sim) StdoutLine: {'line': b'-- Found rosidl_adapter: 3.1.6 (/opt/ros/humble/share/rosidl_adapter/cmake)\n'}
[0.800368] (remus100_sim) StdoutLine: {'line': b'-- Found rosidl_generator_cpp: 3.1.6 (/opt/ros/humble/share/rosidl_generator_cpp/cmake)\n'}
[0.800565] (remus100_sim) StdoutLine: {'line': b'-- Using all available rosidl_typesupport_c: rosidl_typesupport_fastrtps_c;rosidl_typesupport_introspection_c\n'}
[0.800786] (remus100_sim) StdoutLine: {'line': b'-- Using all available rosidl_typesupport_cpp: rosidl_typesupport_fastrtps_cpp;rosidl_typesupport_introspection_cpp\n'}
[0.800956] (remus100_sim) StdoutLine: {'line': b'-- Configuring done\n'}
[0.801137] (remus100_sim) StdoutLine: {'line': b'-- Generating done\n'}
[0.801326] (remus100_sim) StdoutLine: {'line': b'-- Build files have been written to: /home/thaslim/ros2_ws/build/remus100_sim\n'}
[0.804512] (-) TimerEvent: {}
[0.905468] (-) TimerEvent: {}
[1.006167] (-) TimerEvent: {}
[1.106797] (-) TimerEvent: {}
[1.207441] (-) TimerEvent: {}
[1.308210] (-) TimerEvent: {}
[1.347202] (remus100_sim) CommandEnded: {'returncode': 0}
[1.348850] (remus100_sim) JobProgress: {'identifier': 'remus100_sim', 'progress': 'build'}
[1.350588] (remus100_sim) Command: {'cmd': ['/usr/bin/cmake', '--build', '/home/thaslim/ros2_ws/build/remus100_sim', '--', '-j12', '-l12'], 'cwd': '/home/thaslim/ros2_ws/build/remus100_sim', 'env': OrderedDict([('LANGUAGE', 'en_IN:en'), ('USER', 'thaslim'), ('XDG_SESSION_TYPE', 'wayland'), ('SHLVL', '1'), ('LD_LIBRARY_PATH', '/usr/lib/x86_64-linux-gnu/gazebo-11/plugins:/opt/ros/humble/opt/rviz_ogre_vendor/lib:/opt/ros/humble/lib/x86_64-linux-gnu:/opt/ros/humble/lib'), ('HOME', '/home/thaslim'), ('OLDPWD', '/home/thaslim/project'), ('DESKTOP_SESSION', 'ubuntu'), ('GAZEBO_MASTER_URI', 'http://127.0.0.1:11345'), ('ROS_PYTHON_VERSION', '3'), ('GNOME_SHELL_SESSION_MODE', 'ubuntu'), ('GTK_MODULES', 'gail:atk-bridge'), ('SYSTEMD_EXEC_PID', '3232'), ('DBUS_SESSION_BUS_ADDRESS', 'unix:path=/run/user/1000/bus'), ('COLORTERM', 'truecolor'), ('IM_CONFIG_PHASE', '1'), ('WAYLAND_DISPLAY', 'wayland-0'), ('COLCON_PREFIX_PATH', '/home/thaslim/ros2_ws/install:/home/thaslim/ros2_ws/src/remus100_sim/install'), ('ROS_DISTRO', 'humble'), ('LOGNAME', 'thaslim'), ('_', '/usr/bin/colcon'), ('ROS_VERSION', '2'), ('XDG_SESSION_CLASS', 'user'), ('USERNAME', 'thaslim'), ('TERM', 'xterm-256color'), ('GAZEBO_MODEL_PATH', ':/home/thaslim/ros2_ws/src/remus100_sim/models'), ('GNOME_DESKTOP_SESSION_ID', 'this-is-deprecated'), ('ROS_LOCALHOST_ONLY', '0'), ('PATH', '/opt/ros/humble/bin:/usr/local/sbin:/usr/local/bin:/usr/sbin:/usr/bin:/sbin:/bin:/usr/games:/usr/local/games:/snap/bin:/snap/bin'), ('SESSION_MANAGER', 'local/thaslim-Vostro-3420:@/tmp/.ICE-unix/1492,unix/thaslim-Vostro-3420:/tmp/.ICE-unix/1492'), ('XDG_MENU_PREFIX', 'gnome-'), ('GNOME_TERMINAL_SCREEN', '/org/gnome/Terminal/screen/52942262_519f_492f_954c_3393867d7939'), ('GNOME_SETUP_DISPLAY', ':1'), ('XDG_RUNTIME_DIR', '/run/user/1000'), ('DISPLAY', ':0'), ('LANG', 'en_US.UTF-8'), ('XDG_CURRENT_DESKTOP', 'ubuntu:GNOME'), ('XMODIFIERS', '@im=ibus'), ('XDG_SESSION_DESKTOP', 'ubuntu'), ('XAUTHORITY', '/run/user/1000/.mutter-Xwaylandauth.UBHE42'), ('GNOME_TERMINAL_SERVICE', ':1.108'), ('SSH_AGENT_LAUNCHER', 'gnome-keyring'), ('SSH_AUTH_SOCK', '/run/user/1000/keyring/ssh'), ('AMENT_PREFIX_PATH', '/home/thaslim/ros2_ws/install/remus100_sim:/opt/ros/humble'), ('SHELL', '/bin/bash'), ('QT_ACCESSIBILITY', '1'), ('GDMSESSION', 'ubuntu'), ('QT_IM_MODULE', 'ibus'), ('PWD', '/home/thaslim/ros2_ws/build/remus100_sim'), ('LC_ALL', 'en_US.UTF-8'), ('XDG_CONFIG_DIRS', '/etc/xdg/xdg-ubuntu:/etc/xdg'), ('XDG_DATA_DIRS', '/usr/share/ubuntu:/usr/local/share/:/usr/share/:/var/lib/snapd/desktop'), ('PYTHONPATH', '/opt/ros/humble/lib/python3.10/site-packages:/opt/ros/humble/local/lib/python3.10/dist-packages'), ('COLCON', '1'), ('VTE_VERSION', '6800'), ('CMAKE_PREFIX_PATH', '/home/thaslim/ros2_ws/install/remus100_sim:/opt/ros/humble')]), 'shell': False}
[1.408387] (-) TimerEvent: {}
[1.439024] (remus100_sim) CommandEnded: {'returncode': 0}
[1.440851] (remus100_sim) JobProgress: {'identifier': 'remus100_sim', 'progress': 'install'}
[1.458499] (remus100_sim) Command: {'cmd': ['/usr/bin/cmake', '--install', '/home/thaslim/ros2_ws/build/remus100_sim'], 'cwd': '/home/thaslim/ros2_ws/build/remus100_sim', 'env': OrderedDict([('LANGUAGE', 'en_IN:en'), ('USER', 'thaslim'), ('XDG_SESSION_TYPE', 'wayland'), ('SHLVL', '1'), ('LD_LIBRARY_PATH', '/usr/lib/x86_64-linux-gnu/gazebo-11/plugins:/opt/ros/humble/opt/rviz_ogre_vendor/lib:/opt/ros/humble/lib/x86_64-linux-gnu:/opt/ros/humble/lib'), ('HOME', '/home/thaslim'), ('OLDPWD', '/home/thaslim/project'), ('DESKTOP_SESSION', 'ubuntu'), ('GAZEBO_MASTER_URI', 'http://127.0.0.1:11345'), ('ROS_PYTHON_VERSION', '3'), ('GNOME_SHELL_SESSION_MODE', 'ubuntu'), ('GTK_MODULES', 'gail:atk-bridge'), ('SYSTEMD_EXEC_PID', '3232'), ('DBUS_SESSION_BUS_ADDRESS', 'unix:path=/run/user/1000/bus'), ('COLORTERM', 'truecolor'), ('IM_CONFIG_PHASE', '1'), ('WAYLAND_DISPLAY', 'wayland-0'), ('COLCON_PREFIX_PATH', '/home/thaslim/ros2_ws/install:/home/thaslim/ros2_ws/src/remus100_sim/install'), ('ROS_DISTRO', 'humble'), ('LOGNAME', 'thaslim'), ('_', '/usr/bin/colcon'), ('ROS_VERSION', '2'), ('XDG_SESSION_CLASS', 'user'), ('USERNAME', 'thaslim'), ('TERM', 'xterm-256color'), ('GAZEBO_MODEL_PATH', ':/home/thaslim/ros2_ws/src/remus100_sim/models'), ('GNOME_DESKTOP_SESSION_ID', 'this-is-deprecated'), ('ROS_LOCALHOST_ONLY', '0'), ('PATH', '/opt/ros/humble/bin:/usr/local/sbin:/usr/local/bin:/usr/sbin:/usr/bin:/sbin:/bin:/usr/games:/usr/local/games:/snap/bin:/snap/bin'), ('SESSION_MANAGER', 'local/thaslim-Vostro-3420:@/tmp/.ICE-unix/1492,unix/thaslim-Vostro-3420:/tmp/.ICE-unix/1492'), ('XDG_MENU_PREFIX', 'gnome-'), ('GNOME_TERMINAL_SCREEN', '/org/gnome/Terminal/screen/52942262_519f_492f_954c_3393867d7939'), ('GNOME_SETUP_DISPLAY', ':1'), ('XDG_RUNTIME_DIR', '/run/user/1000'), ('DISPLAY', ':0'), ('LANG', 'en_US.UTF-8'), ('XDG_CURRENT_DESKTOP', 'ubuntu:GNOME'), ('XMODIFIERS', '@im=ibus'), ('XDG_SESSION_DESKTOP', 'ubuntu'), ('XAUTHORITY', '/run/user/1000/.mutter-Xwaylandauth.UBHE42'), ('GNOME_TERMINAL_SERVICE', ':1.108'), ('SSH_AGENT_LAUNCHER', 'gnome-keyring'), ('SSH_AUTH_SOCK', '/run/user/1000/keyring/ssh'), ('AMENT_PREFIX_PATH', '/home/thaslim/ros2_ws/install/remus100_sim:/opt/ros/humble'), ('SHELL', '/bin/bash'), ('QT_ACCESSIBILITY', '1'), ('GDMSESSION', 'ubuntu'), ('QT_IM_MODULE', 'ibus'), ('PWD', '/home/thaslim/ros2_ws/build/remus100_sim'), ('LC_ALL', 'en_US.UTF-8'), ('XDG_CONFIG_DIRS', '/etc/xdg/xdg-ubuntu:/etc/xdg'), ('XDG_DATA_DIRS', '/usr/share/ubuntu:/usr/local/share/:/usr/share/:/var/lib/snapd/desktop'), ('PYTHONPATH', '/opt/ros/humble/lib/python3.10/site-packages:/opt/ros/humble/local/lib/python3.10/dist-packages'), ('COLCON', '1'), ('VTE_VERSION', '6800'), ('CMAKE_PREFIX_PATH', '/home/thaslim/ros2_ws/install/remus100_sim:/opt/ros/humble')]), 'shell': False}
[1.477952] (remus100_sim) StdoutLine: {'line': b'-- Install configuration: ""\n'}
[1.479291] (remus100_sim) StdoutLine: {'line': b'-- Execute custom install script\n'}
[1.479556] (remus100_sim) StdoutLine: {'line': b'-- Symlinking: /home/thaslim/ros2_ws/install/remus100_sim/lib/remus100_sim/robot_gui.py\n'}
[1.500021] (remus100_sim) StdoutLine: {'line': b'-- Symlinking: /home/thaslim/ros2_ws/install/remus100_sim/share/remus100_sim/launch/auv_robot.launch.py\n'}
[1.508631] (-) TimerEvent: {}
[1.513746] (remus100_sim) StdoutLine: {'line': b'-- Symlinking: /home/thaslim/ros2_ws/install/remus100_sim/share/remus100_sim/launch/launch_sim.launch.py\n'}
[1.529977] (remus100_sim) StdoutLine: {'line': b'-- Symlinking: /home/thaslim/ros2_ws/install/remus100_sim/share/remus100_sim/launch/launch_sim.py\n'}
[1.545641] (remus100_sim) StdoutLine: {'line': b'-- Symlinking: /home/thaslim/ros2_ws/install/remus100_sim/share/ament_index/resource_index/package_run_dependencies/remus100_sim\n'}
[1.567242] (remus100_sim) StdoutLine: {'line': b'-- Symlinking: /home/thaslim/ros2_ws/install/remus100_sim/share/ament_index/resource_index/parent_prefix_path/remus100_sim\n'}
[1.580362] (remus100_sim) StdoutLine: {'line': b'-- Symlinking: /home/thaslim/ros2_ws/install/remus100_sim/share/remus100_sim/environment/ament_prefix_path.sh\n'}
[1.596995] (remus100_sim) StdoutLine: {'line': b'-- Symlinking: /home/thaslim/ros2_ws/install/remus100_sim/share/remus100_sim/environment/ament_prefix_path.dsv\n'}
[1.608751] (-) TimerEvent: {}
[1.617490] (remus100_sim) StdoutLine: {'line': b'-- Symlinking: /home/thaslim/ros2_ws/install/remus100_sim/share/remus100_sim/environment/path.sh\n'}
[1.639093] (remus100_sim) StdoutLine: {'line': b'-- Symlinking: /home/thaslim/ros2_ws/install/remus100_sim/share/remus100_sim/environment/path.dsv\n'}
[1.661006] (remus100_sim) StdoutLine: {'line': b'-- Symlinking: /home/thaslim/ros2_ws/install/remus100_sim/share/remus100_sim/local_setup.bash\n'}
[1.675535] (remus100_sim) StdoutLine: {'line': b'-- Symlinking: /home/thaslim/ros2_ws/install/remus100_sim/share/remus100_sim/local_setup.sh\n'}
[1.692503] (remus100_sim) StdoutLine: {'line': b'-- Symlinking: /home/thaslim/ros2_ws/install/remus100_sim/share/remus100_sim/local_setup.zsh\n'}
[1.709037] (-) TimerEvent: {}
[1.715034] (remus100_sim) StdoutLine: {'line': b'-- Symlinking: /home/thaslim/ros2_ws/install/remus100_sim/share/remus100_sim/local_setup.dsv\n'}
[1.732326] (remus100_sim) StdoutLine: {'line': b'-- Symlinking: /home/thaslim/ros2_ws/install/remus100_sim/share/remus100_sim/package.dsv\n'}
[1.752383] (remus100_sim) StdoutLine: {'line': b'-- Symlinking: /home/thaslim/ros2_ws/install/remus100_sim/share/ament_index/resource_index/packages/remus100_sim\n'}
[1.772855] (remus100_sim) StdoutLine: {'line': b'-- Symlinking: /home/thaslim/ros2_ws/install/remus100_sim/share/remus100_sim/cmake/remus100_simConfig.cmake\n'}
[1.791368] (remus100_sim) StdoutLine: {'line': b'-- Symlinking: /home/thaslim/ros2_ws/install/remus100_sim/share/remus100_sim/cmake/remus100_simConfig-version.cmake\n'}
[1.805528] (remus100_sim) StdoutLine: {'line': b'-- Symlinking: /home/thaslim/ros2_ws/install/remus100_sim/share/remus100_sim/package.xml\n'}
[1.809180] (-) TimerEvent: {}
[1.823626] (remus100_sim) CommandEnded: {'returncode': 0}
[1.853671] (remus100_sim) JobEnded: {'identifier': 'remus100_sim', 'rc': 0}
[1.909274] (-) TimerEvent: {}
[2.009674] (-) TimerEvent: {}
[2.110233] (-) TimerEvent: {}
[2.131058] (submarine_control) Command: {'cmd': ['/usr/bin/python3', '-W', 'ignore:setup.py install is deprecated', '-W', 'ignore:easy_install command is deprecated', 'setup.py', 'develop', '--editable', '--build-directory', '/home/thaslim/ros2_ws/build/submarine_control/build', '--no-deps', 'symlink_data'], 'cwd': '/home/thaslim/ros2_ws/build/submarine_control', 'env': {'LANGUAGE': 'en_IN:en', 'USER': 'thaslim', 'XDG_SESSION_TYPE': 'wayland', 'SHLVL': '1', 'LD_LIBRARY_PATH': '/usr/lib/x86_64-linux-gnu/gazebo-11/plugins:/opt/ros/humble/opt/rviz_ogre_vendor/lib:/opt/ros/humble/lib/x86_64-linux-gnu:/opt/ros/humble/lib', 'HOME': '/home/thaslim', 'OLDPWD': '/home/thaslim/project', 'DESKTOP_SESSION': 'ubuntu', 'GAZEBO_MASTER_URI': 'http://127.0.0.1:11345', 'ROS_PYTHON_VERSION': '3', 'GNOME_SHELL_SESSION_MODE': 'ubuntu', 'GTK_MODULES': 'gail:atk-bridge', 'SYSTEMD_EXEC_PID': '3232', 'DBUS_SESSION_BUS_ADDRESS': 'unix:path=/run/user/1000/bus', 'COLORTERM': 'truecolor', 'IM_CONFIG_PHASE': '1', 'WAYLAND_DISPLAY': 'wayland-0', 'COLCON_PREFIX_PATH': '/home/thaslim/ros2_ws/install:/home/thaslim/ros2_ws/src/remus100_sim/install', 'ROS_DISTRO': 'humble', 'LOGNAME': 'thaslim', '_': '/usr/bin/colcon', 'ROS_VERSION': '2', 'XDG_SESSION_CLASS': 'user', 'USERNAME': 'thaslim', 'TERM': 'xterm-256color', 'GAZEBO_MODEL_PATH': ':/home/thaslim/ros2_ws/src/remus100_sim/models', 'GNOME_DESKTOP_SESSION_ID': 'this-is-deprecated', 'ROS_LOCALHOST_ONLY': '0', 'PATH': '/opt/ros/humble/bin:/usr/local/sbin:/usr/local/bin:/usr/sbin:/usr/bin:/sbin:/bin:/usr/games:/usr/local/games:/snap/bin:/snap/bin', 'SESSION_MANAGER': 'local/thaslim-Vostro-3420:@/tmp/.ICE-unix/1492,unix/thaslim-Vostro-3420:/tmp/.ICE-unix/1492', 'XDG_MENU_PREFIX': 'gnome-', 'GNOME_TERMINAL_SCREEN': '/org/gnome/Terminal/screen/52942262_519f_492f_954c_3393867d7939', 'GNOME_SETUP_DISPLAY': ':1', 'XDG_RUNTIME_DIR': '/run/user/1000', 'DISPLAY': ':0', 'LANG': 'en_US.UTF-8', 'XDG_CURRENT_DESKTOP': 'ubuntu:GNOME', 'XMODIFIERS': '@im=ibus', 'XDG_SESSION_DESKTOP': 'ubuntu', 'XAUTHORITY': '/run/user/1000/.mutter-Xwaylandauth.UBHE42', 'GNOME_TERMINAL_SERVICE': ':1.108', 'SSH_AGENT_LAUNCHER': 'gnome-keyring', 'SSH_AUTH_SOCK': '/run/user/1000/keyring/ssh', 'AMENT_PREFIX_PATH': '/home/thaslim/ros2_ws/install/remus100_sim:/opt/ros/humble', 'SHELL': '/bin/bash', 'QT_ACCESSIBILITY': '1', 'GDMSESSION': 'ubuntu', 'QT_IM_MODULE': 'ibus', 'PWD': '/home/thaslim/ros2_ws/build/submarine_control', 'LC_ALL': 'en_US.UTF-8', 'XDG_CONFIG_DIRS': '/etc/xdg/xdg-ubuntu:/etc/xdg', 'XDG_DATA_DIRS': '/usr/share/ubuntu:/usr/local/share/:/usr/share/:/var/lib/snapd/desktop', 'PYTHONPATH': '/home/thaslim/ros2_ws/build/submarine_control/prefix_override:/usr/lib/python3/dist-packages/colcon_core/task/python/colcon_distutils_commands:/home/thaslim/ros2_ws/install/submarine_control/lib/python3.10/site-packages:/opt/ros/humble/lib/python3.10/site-packages:/opt/ros/humble/local/lib/python3.10/dist-packages', 'COLCON': '1', 'VTE_VERSION': '6800', 'CMAKE_PREFIX_PATH': '/home/thaslim/ros2_ws/install/remus100_sim'}, 'shell': False}
[2.210383] (-) TimerEvent: {}
[2.292221] (talker_listener) Command: {'cmd': ['/usr/bin/python3', '-W', 'ignore:setup.py install is deprecated', '-W', 'ignore:easy_install command is deprecated', 'setup.py', 'develop', '--editable', '--build-directory', '/home/thaslim/ros2_ws/build/talker_listener/build', '--no-deps', 'symlink_data'], 'cwd': '/home/thaslim/ros2_ws/build/talker_listener', 'env': {'LANGUAGE': 'en_IN:en', 'USER': 'thaslim', 'XDG_SESSION_TYPE': 'wayland', 'SHLVL': '1', 'LD_LIBRARY_PATH': '/usr/lib/x86_64-linux-gnu/gazebo-11/plugins:/opt/ros/humble/opt/rviz_ogre_vendor/lib:/opt/ros/humble/lib/x86_64-linux-gnu:/opt/ros/humble/lib', 'HOME': '/home/thaslim', 'OLDPWD': '/home/thaslim/project', 'DESKTOP_SESSION': 'ubuntu', 'GAZEBO_MASTER_URI': 'http://127.0.0.1:11345', 'ROS_PYTHON_VERSION': '3', 'GNOME_SHELL_SESSION_MODE': 'ubuntu', 'GTK_MODULES': 'gail:atk-bridge', 'SYSTEMD_EXEC_PID': '3232', 'DBUS_SESSION_BUS_ADDRESS': 'unix:path=/run/user/1000/bus', 'COLORTERM': 'truecolor', 'IM_CONFIG_PHASE': '1', 'WAYLAND_DISPLAY': 'wayland-0', 'COLCON_PREFIX_PATH': '/home/thaslim/ros2_ws/install:/home/thaslim/ros2_ws/src/remus100_sim/install', 'ROS_DISTRO': 'humble', 'LOGNAME': 'thaslim', '_': '/usr/bin/colcon', 'ROS_VERSION': '2', 'XDG_SESSION_CLASS': 'user', 'USERNAME': 'thaslim', 'TERM': 'xterm-256color', 'GAZEBO_MODEL_PATH': ':/home/thaslim/ros2_ws/src/remus100_sim/models', 'GNOME_DESKTOP_SESSION_ID': 'this-is-deprecated', 'ROS_LOCALHOST_ONLY': '0', 'PATH': '/opt/ros/humble/bin:/usr/local/sbin:/usr/local/bin:/usr/sbin:/usr/bin:/sbin:/bin:/usr/games:/usr/local/games:/snap/bin:/snap/bin', 'SESSION_MANAGER': 'local/thaslim-Vostro-3420:@/tmp/.ICE-unix/1492,unix/thaslim-Vostro-3420:/tmp/.ICE-unix/1492', 'XDG_MENU_PREFIX': 'gnome-', 'GNOME_TERMINAL_SCREEN': '/org/gnome/Terminal/screen/52942262_519f_492f_954c_3393867d7939', 'GNOME_SETUP_DISPLAY': ':1', 'XDG_RUNTIME_DIR': '/run/user/1000', 'DISPLAY': ':0', 'LANG': 'en_US.UTF-8', 'XDG_CURRENT_DESKTOP': 'ubuntu:GNOME', 'XMODIFIERS': '@im=ibus', 'XDG_SESSION_DESKTOP': 'ubuntu', 'XAUTHORITY': '/run/user/1000/.mutter-Xwaylandauth.UBHE42', 'GNOME_TERMINAL_SERVICE': ':1.108', 'SSH_AGENT_LAUNCHER': 'gnome-keyring', 'SSH_AUTH_SOCK': '/run/user/1000/keyring/ssh', 'AMENT_PREFIX_PATH': '/home/thaslim/ros2_ws/install/remus100_sim:/opt/ros/humble', 'SHELL': '/bin/bash', 'QT_ACCESSIBILITY': '1', 'GDMSESSION': 'ubuntu', 'QT_IM_MODULE': 'ibus', 'PWD': '/home/thaslim/ros2_ws/build/talker_listener', 'LC_ALL': 'en_US.UTF-8', 'XDG_CONFIG_DIRS': '/etc/xdg/xdg-ubuntu:/etc/xdg', 'XDG_DATA_DIRS': '/usr/share/ubuntu:/usr/local/share/:/usr/share/:/var/lib/snapd/desktop', 'PYTHONPATH': '/home/thaslim/ros2_ws/build/talker_listener/prefix_override:/usr/lib/python3/dist-packages/colcon_core/task/python/colcon_distutils_commands:/home/thaslim/ros2_ws/install/talker_listener/lib/python3.10/site-packages:/opt/ros/humble/lib/python3.10/site-packages:/opt/ros/humble/local/lib/python3.10/dist-packages', 'COLCON': '1', 'VTE_VERSION': '6800', 'CMAKE_PREFIX_PATH': '/home/thaslim/ros2_ws/install/remus100_sim'}, 'shell': False}
[2.310583] (-) TimerEvent: {}
[2.411320] (-) TimerEvent: {}
[2.512120] (-) TimerEvent: {}
[2.612846] (-) TimerEvent: {}
[2.713446] (-) TimerEvent: {}
[2.813923] (-) TimerEvent: {}
[2.882041] (submarine_control) StdoutLine: {'line': b'running develop\n'}
[2.914072] (-) TimerEvent: {}
[2.941752] (talker_listener) StdoutLine: {'line': b'running develop\n'}
[3.014374] (-) TimerEvent: {}
[3.115190] (-) TimerEvent: {}
[3.215954] (-) TimerEvent: {}
[3.316616] (-) TimerEvent: {}
[3.417192] (submarine_control) StdoutLine: {'line': b'running egg_info\n'}
[3.417638] (-) TimerEvent: {}
[3.417992] (submarine_control) StdoutLine: {'line': b'creating submarine_control.egg-info\n'}
[3.418509] (submarine_control) StdoutLine: {'line': b'writing submarine_control.egg-info/PKG-INFO\n'}
[3.419038] (submarine_control) StdoutLine: {'line': b'writing dependency_links to submarine_control.egg-info/dependency_links.txt\n'}
[3.419341] (submarine_control) StdoutLine: {'line': b'writing entry points to submarine_control.egg-info/entry_points.txt\n'}
[3.419675] (submarine_control) StdoutLine: {'line': b'writing requirements to submarine_control.egg-info/requires.txt\n'}
[3.419933] (submarine_control) StdoutLine: {'line': b'writing top-level names to submarine_control.egg-info/top_level.txt\n'}
[3.420731] (submarine_control) StdoutLine: {'line': b"writing manifest file 'submarine_control.egg-info/SOURCES.txt'\n"}
[3.427067] (submarine_control) StdoutLine: {'line': b"reading manifest file 'submarine_control.egg-info/SOURCES.txt'\n"}
[3.429265] (submarine_control) StdoutLine: {'line': b"writing manifest file 'submarine_control.egg-info/SOURCES.txt'\n"}
[3.432862] (submarine_control) StdoutLine: {'line': b'running build_ext\n'}
[3.433363] (submarine_control) StdoutLine: {'line': b'Creating /home/thaslim/ros2_ws/install/submarine_control/lib/python3.10/site-packages/submarine-control.egg-link (link to .)\n'}
[3.435963] (submarine_control) StdoutLine: {'line': b'\n'}
[3.436349] (submarine_control) StdoutLine: {'line': b'Installed /home/thaslim/ros2_ws/build/submarine_control\n'}
[3.436740] (submarine_control) StdoutLine: {'line': b'running symlink_data\n'}
[3.436949] (submarine_control) StdoutLine: {'line': b'creating /home/thaslim/ros2_ws/install/submarine_control/share/ament_index\n'}
[3.437149] (submarine_control) StdoutLine: {'line': b'creating /home/thaslim/ros2_ws/install/submarine_control/share/ament_index/resource_index\n'}
[3.437363] (submarine_control) StdoutLine: {'line': b'creating /home/thaslim/ros2_ws/install/submarine_control/share/ament_index/resource_index/packages\n'}
[3.437834] (submarine_control) StdoutLine: {'line': b'symbolically linking /home/thaslim/ros2_ws/build/submarine_control/resource/submarine_control -> /home/thaslim/ros2_ws/install/submarine_control/share/ament_index/resource_index/packages\n'}
[3.438161] (submarine_control) StdoutLine: {'line': b'symbolically linking /home/thaslim/ros2_ws/build/submarine_control/package.xml -> /home/thaslim/ros2_ws/install/submarine_control/share/submarine_control\n'}
[3.463686] (talker_listener) StdoutLine: {'line': b'running egg_info\n'}
[3.464372] (talker_listener) StdoutLine: {'line': b'creating talker_listener.egg-info\n'}
[3.464670] (talker_listener) StdoutLine: {'line': b'writing talker_listener.egg-info/PKG-INFO\n'}
[3.464845] (talker_listener) StdoutLine: {'line': b'writing dependency_links to talker_listener.egg-info/dependency_links.txt\n'}
[3.464949] (talker_listener) StdoutLine: {'line': b'writing entry points to talker_listener.egg-info/entry_points.txt\n'}
[3.465071] (talker_listener) StdoutLine: {'line': b'writing requirements to talker_listener.egg-info/requires.txt\n'}
[3.465168] (talker_listener) StdoutLine: {'line': b'writing top-level names to talker_listener.egg-info/top_level.txt\n'}
[3.465266] (talker_listener) StdoutLine: {'line': b"writing manifest file 'talker_listener.egg-info/SOURCES.txt'\n"}
[3.467955] (talker_listener) StdoutLine: {'line': b"reading manifest file 'talker_listener.egg-info/SOURCES.txt'\n"}
[3.468645] (talker_listener) StdoutLine: {'line': b"writing manifest file 'talker_listener.egg-info/SOURCES.txt'\n"}
[3.470629] (talker_listener) StdoutLine: {'line': b'running build_ext\n'}
[3.470991] (talker_listener) StdoutLine: {'line': b'Creating /home/thaslim/ros2_ws/install/talker_listener/lib/python3.10/site-packages/talker-listener.egg-link (link to .)\n'}
[3.471994] (talker_listener) StdoutLine: {'line': b'\n'}
[3.472308] (talker_listener) StdoutLine: {'line': b'Installed /home/thaslim/ros2_ws/build/talker_listener\n'}
[3.472461] (talker_listener) StdoutLine: {'line': b'running symlink_data\n'}
[3.472597] (talker_listener) StdoutLine: {'line': b'creating /home/thaslim/ros2_ws/install/talker_listener/share/ament_index\n'}
[3.472966] (talker_listener) StdoutLine: {'line': b'creating /home/thaslim/ros2_ws/install/talker_listener/share/ament_index/resource_index\n'}
[3.473195] (talker_listener) StdoutLine: {'line': b'creating /home/thaslim/ros2_ws/install/talker_listener/share/ament_index/resource_index/packages\n'}
[3.473372] (talker_listener) StdoutLine: {'line': b'symbolically linking /home/thaslim/ros2_ws/build/talker_listener/resource/talker_listener -> /home/thaslim/ros2_ws/install/talker_listener/share/ament_index/resource_index/packages\n'}
[3.473552] (talker_listener) StdoutLine: {'line': b'symbolically linking /home/thaslim/ros2_ws/build/talker_listener/package.xml -> /home/thaslim/ros2_ws/install/talker_listener/share/talker_listener\n'}
[3.512543] (submarine_control) CommandEnded: {'returncode': 0}
[3.518061] (-) TimerEvent: {}
[3.536604] (submarine_control) JobEnded: {'identifier': 'submarine_control', 'rc': 0}
[3.544624] (talker_listener) CommandEnded: {'returncode': 0}
[3.563880] (talker_listener) JobEnded: {'identifier': 'talker_listener', 'rc': 0}
[3.566526] (-) EventReactorShutdown: {}
