[0.216s] DEBUG:colcon:Command line arguments: ['/usr/bin/colcon', 'build', '--symlink-install']
[0.216s] DEBUG:colcon:Parsed command line arguments: Namespace(log_base=None, log_level=None, verb_name='build', build_base='build', install_base='install', merge_install=False, symlink_install=True, test_result_base=None, continue_on_error=False, executor='parallel', parallel_workers=12, event_handlers=None, ignore_user_meta=False, metas=['./colcon.meta'], base_paths=['.'], packages_ignore=None, packages_ignore_regex=None, paths=None, packages_up_to=None, packages_up_to_regex=None, packages_above=None, packages_above_and_dependencies=None, packages_above_depth=None, packages_select_by_dep=None, packages_skip_by_dep=None, packages_skip_up_to=None, packages_select_build_failed=False, packages_skip_build_finished=False, packages_select_test_failures=False, packages_skip_test_passed=False, packages_select=None, packages_skip=None, packages_select_regex=None, packages_skip_regex=None, packages_start=None, packages_end=None, allow_overriding=[], cmake_args=None, cmake_target=None, cmake_target_skip_unavailable=False, cmake_clean_cache=False, cmake_clean_first=False, cmake_force_configure=False, ament_cmake_args=None, catkin_cmake_args=None, catkin_skip_building_tests=False, mixin_files=None, mixin=None, verb_parser=<colcon_mixin.mixin.mixin_argument.MixinArgumentDecorator object at 0x7b298d0630d0>, verb_extension=<colcon_core.verb.build.BuildVerb object at 0x7b298d062b00>, main=<bound method BuildVerb.main of <colcon_core.verb.build.BuildVerb object at 0x7b298d062b00>>, mixin_verb=('build',))
[0.599s] Level 1:colcon.colcon_core.package_discovery:discover_packages(colcon_meta) check parameters
[0.599s] Level 1:colcon.colcon_core.package_discovery:discover_packages(recursive) check parameters
[0.599s] Level 1:colcon.colcon_core.package_discovery:discover_packages(ignore) check parameters
[0.599s] Level 1:colcon.colcon_core.package_discovery:discover_packages(path) check parameters
[0.599s] Level 1:colcon.colcon_core.package_discovery:discover_packages(colcon_meta) discover
[0.599s] Level 1:colcon.colcon_core.package_discovery:discover_packages(recursive) discover
[0.600s] INFO:colcon.colcon_core.package_discovery:Crawling recursively for packages in '/home/thaslim/ros2_ws'
[0.600s] Level 1:colcon.colcon_core.package_identification:_identify(.) by extensions ['ignore', 'ignore_ament_install']
[0.600s] Level 1:colcon.colcon_core.package_identification:_identify(.) by extension 'ignore'
[0.600s] Level 1:colcon.colcon_core.package_identification:_identify(.) by extension 'ignore_ament_install'
[0.600s] Level 1:colcon.colcon_core.package_identification:_identify(.) by extensions ['colcon_pkg']
[0.600s] Level 1:colcon.colcon_core.package_identification:_identify(.) by extension 'colcon_pkg'
[0.601s] Level 1:colcon.colcon_core.package_identification:_identify(.) by extensions ['colcon_meta']
[0.601s] Level 1:colcon.colcon_core.package_identification:_identify(.) by extension 'colcon_meta'
[0.601s] Level 1:colcon.colcon_core.package_identification:_identify(.) by extensions ['ros']
[0.601s] Level 1:colcon.colcon_core.package_identification:_identify(.) by extension 'ros'
[0.653s] Level 1:colcon.colcon_core.package_identification:_identify(.) by extensions ['cmake', 'python']
[0.653s] Level 1:colcon.colcon_core.package_identification:_identify(.) by extension 'cmake'
[0.653s] Level 1:colcon.colcon_core.package_identification:_identify(.) by extension 'python'
[0.653s] Level 1:colcon.colcon_core.package_identification:_identify(.) by extensions ['python_setup_py']
[0.653s] Level 1:colcon.colcon_core.package_identification:_identify(.) by extension 'python_setup_py'
[0.653s] Level 1:colcon.colcon_core.package_identification:_identify(build) by extensions ['ignore', 'ignore_ament_install']
[0.654s] Level 1:colcon.colcon_core.package_identification:_identify(build) by extension 'ignore'
[0.654s] Level 1:colcon.colcon_core.package_identification:_identify(build) ignored
[0.654s] Level 1:colcon.colcon_core.package_identification:_identify(install) by extensions ['ignore', 'ignore_ament_install']
[0.654s] Level 1:colcon.colcon_core.package_identification:_identify(install) by extension 'ignore'
[0.654s] Level 1:colcon.colcon_core.package_identification:_identify(install) ignored
[0.654s] Level 1:colcon.colcon_core.package_identification:_identify(log) by extensions ['ignore', 'ignore_ament_install']
[0.654s] Level 1:colcon.colcon_core.package_identification:_identify(log) by extension 'ignore'
[0.655s] Level 1:colcon.colcon_core.package_identification:_identify(log) ignored
[0.655s] Level 1:colcon.colcon_core.package_identification:_identify(src) by extensions ['ignore', 'ignore_ament_install']
[0.655s] Level 1:colcon.colcon_core.package_identification:_identify(src) by extension 'ignore'
[0.655s] Level 1:colcon.colcon_core.package_identification:_identify(src) by extension 'ignore_ament_install'
[0.655s] Level 1:colcon.colcon_core.package_identification:_identify(src) by extensions ['colcon_pkg']
[0.655s] Level 1:colcon.colcon_core.package_identification:_identify(src) by extension 'colcon_pkg'
[0.655s] Level 1:colcon.colcon_core.package_identification:_identify(src) by extensions ['colcon_meta']
[0.655s] Level 1:colcon.colcon_core.package_identification:_identify(src) by extension 'colcon_meta'
[0.655s] Level 1:colcon.colcon_core.package_identification:_identify(src) by extensions ['ros']
[0.655s] Level 1:colcon.colcon_core.package_identification:_identify(src) by extension 'ros'
[0.656s] Level 1:colcon.colcon_core.package_identification:_identify(src) by extensions ['cmake', 'python']
[0.656s] Level 1:colcon.colcon_core.package_identification:_identify(src) by extension 'cmake'
[0.656s] Level 1:colcon.colcon_core.package_identification:_identify(src) by extension 'python'
[0.656s] Level 1:colcon.colcon_core.package_identification:_identify(src) by extensions ['python_setup_py']
[0.656s] Level 1:colcon.colcon_core.package_identification:_identify(src) by extension 'python_setup_py'
[0.656s] Level 1:colcon.colcon_core.package_identification:_identify(src/remus100_sim) by extensions ['ignore', 'ignore_ament_install']
[0.656s] Level 1:colcon.colcon_core.package_identification:_identify(src/remus100_sim) by extension 'ignore'
[0.656s] Level 1:colcon.colcon_core.package_identification:_identify(src/remus100_sim) by extension 'ignore_ament_install'
[0.656s] Level 1:colcon.colcon_core.package_identification:_identify(src/remus100_sim) by extensions ['colcon_pkg']
[0.656s] Level 1:colcon.colcon_core.package_identification:_identify(src/remus100_sim) by extension 'colcon_pkg'
[0.656s] Level 1:colcon.colcon_core.package_identification:_identify(src/remus100_sim) by extensions ['colcon_meta']
[0.656s] Level 1:colcon.colcon_core.package_identification:_identify(src/remus100_sim) by extension 'colcon_meta'
[0.657s] Level 1:colcon.colcon_core.package_identification:_identify(src/remus100_sim) by extensions ['ros']
[0.657s] Level 1:colcon.colcon_core.package_identification:_identify(src/remus100_sim) by extension 'ros'
[0.664s] DEBUG:colcon.colcon_core.package_identification:Package 'src/remus100_sim' with type 'ros.ament_cmake' and name 'remus100_sim'
[0.664s] Level 1:colcon.colcon_core.package_identification:_identify(src/submarine_control) by extensions ['ignore', 'ignore_ament_install']
[0.664s] Level 1:colcon.colcon_core.package_identification:_identify(src/submarine_control) by extension 'ignore'
[0.665s] Level 1:colcon.colcon_core.package_identification:_identify(src/submarine_control) by extension 'ignore_ament_install'
[0.665s] Level 1:colcon.colcon_core.package_identification:_identify(src/submarine_control) by extensions ['colcon_pkg']
[0.665s] Level 1:colcon.colcon_core.package_identification:_identify(src/submarine_control) by extension 'colcon_pkg'
[0.665s] Level 1:colcon.colcon_core.package_identification:_identify(src/submarine_control) by extensions ['colcon_meta']
[0.665s] Level 1:colcon.colcon_core.package_identification:_identify(src/submarine_control) by extension 'colcon_meta'
[0.665s] Level 1:colcon.colcon_core.package_identification:_identify(src/submarine_control) by extensions ['ros']
[0.665s] Level 1:colcon.colcon_core.package_identification:_identify(src/submarine_control) by extension 'ros'
[0.667s] DEBUG:colcon.colcon_core.package_identification:Package 'src/submarine_control' with type 'ros.ament_python' and name 'submarine_control'
[0.667s] Level 1:colcon.colcon_core.package_identification:_identify(talker_listener) by extensions ['ignore', 'ignore_ament_install']
[0.667s] Level 1:colcon.colcon_core.package_identification:_identify(talker_listener) by extension 'ignore'
[0.667s] Level 1:colcon.colcon_core.package_identification:_identify(talker_listener) by extension 'ignore_ament_install'
[0.667s] Level 1:colcon.colcon_core.package_identification:_identify(talker_listener) by extensions ['colcon_pkg']
[0.667s] Level 1:colcon.colcon_core.package_identification:_identify(talker_listener) by extension 'colcon_pkg'
[0.667s] Level 1:colcon.colcon_core.package_identification:_identify(talker_listener) by extensions ['colcon_meta']
[0.667s] Level 1:colcon.colcon_core.package_identification:_identify(talker_listener) by extension 'colcon_meta'
[0.668s] Level 1:colcon.colcon_core.package_identification:_identify(talker_listener) by extensions ['ros']
[0.668s] Level 1:colcon.colcon_core.package_identification:_identify(talker_listener) by extension 'ros'
[0.669s] DEBUG:colcon.colcon_core.package_identification:Package 'talker_listener' with type 'ros.ament_python' and name 'talker_listener'
[0.670s] Level 1:colcon.colcon_core.package_discovery:discover_packages(recursive) using defaults
[0.670s] Level 1:colcon.colcon_core.package_discovery:discover_packages(ignore) discover
[0.670s] Level 1:colcon.colcon_core.package_discovery:discover_packages(ignore) using defaults
[0.670s] Level 1:colcon.colcon_core.package_discovery:discover_packages(path) discover
[0.670s] Level 1:colcon.colcon_core.package_discovery:discover_packages(path) using defaults
[0.708s] Level 1:colcon.colcon_core.package_discovery:discover_packages(prefix_path) check parameters
[0.708s] Level 1:colcon.colcon_core.package_discovery:discover_packages(prefix_path) discover
[0.712s] DEBUG:colcon.colcon_installed_package_information.package_discovery:Found 1 installed packages in /home/thaslim/ros2_ws/install
[0.712s] DEBUG:colcon.colcon_installed_package_information.package_discovery:Found 0 installed packages in /home/thaslim/ros2_ws/src/remus100_sim/install
[0.715s] DEBUG:colcon.colcon_installed_package_information.package_discovery:Found 338 installed packages in /opt/ros/humble
[0.718s] Level 1:colcon.colcon_core.package_discovery:discover_packages(prefix_path) using defaults
[0.795s] Level 5:colcon.colcon_core.verb:set package 'remus100_sim' build argument 'cmake_args' from command line to 'None'
[0.795s] Level 5:colcon.colcon_core.verb:set package 'remus100_sim' build argument 'cmake_target' from command line to 'None'
[0.795s] Level 5:colcon.colcon_core.verb:set package 'remus100_sim' build argument 'cmake_target_skip_unavailable' from command line to 'False'
[0.796s] Level 5:colcon.colcon_core.verb:set package 'remus100_sim' build argument 'cmake_clean_cache' from command line to 'False'
[0.796s] Level 5:colcon.colcon_core.verb:set package 'remus100_sim' build argument 'cmake_clean_first' from command line to 'False'
[0.796s] Level 5:colcon.colcon_core.verb:set package 'remus100_sim' build argument 'cmake_force_configure' from command line to 'False'
[0.796s] Level 5:colcon.colcon_core.verb:set package 'remus100_sim' build argument 'ament_cmake_args' from command line to 'None'
[0.796s] Level 5:colcon.colcon_core.verb:set package 'remus100_sim' build argument 'catkin_cmake_args' from command line to 'None'
[0.796s] Level 5:colcon.colcon_core.verb:set package 'remus100_sim' build argument 'catkin_skip_building_tests' from command line to 'False'
[0.796s] DEBUG:colcon.colcon_core.verb:Building package 'remus100_sim' with the following arguments: {'ament_cmake_args': None, 'build_base': '/home/thaslim/ros2_ws/build/remus100_sim', 'catkin_cmake_args': None, 'catkin_skip_building_tests': False, 'cmake_args': None, 'cmake_clean_cache': False, 'cmake_clean_first': False, 'cmake_force_configure': False, 'cmake_target': None, 'cmake_target_skip_unavailable': False, 'install_base': '/home/thaslim/ros2_ws/install/remus100_sim', 'merge_install': False, 'path': '/home/thaslim/ros2_ws/src/remus100_sim', 'symlink_install': True, 'test_result_base': None}
[0.797s] Level 5:colcon.colcon_core.verb:set package 'submarine_control' build argument 'cmake_args' from command line to 'None'
[0.797s] Level 5:colcon.colcon_core.verb:set package 'submarine_control' build argument 'cmake_target' from command line to 'None'
[0.797s] Level 5:colcon.colcon_core.verb:set package 'submarine_control' build argument 'cmake_target_skip_unavailable' from command line to 'False'
[0.797s] Level 5:colcon.colcon_core.verb:set package 'submarine_control' build argument 'cmake_clean_cache' from command line to 'False'
[0.797s] Level 5:colcon.colcon_core.verb:set package 'submarine_control' build argument 'cmake_clean_first' from command line to 'False'
[0.797s] Level 5:colcon.colcon_core.verb:set package 'submarine_control' build argument 'cmake_force_configure' from command line to 'False'
[0.797s] Level 5:colcon.colcon_core.verb:set package 'submarine_control' build argument 'ament_cmake_args' from command line to 'None'
[0.797s] Level 5:colcon.colcon_core.verb:set package 'submarine_control' build argument 'catkin_cmake_args' from command line to 'None'
[0.797s] Level 5:colcon.colcon_core.verb:set package 'submarine_control' build argument 'catkin_skip_building_tests' from command line to 'False'
[0.797s] DEBUG:colcon.colcon_core.verb:Building package 'submarine_control' with the following arguments: {'ament_cmake_args': None, 'build_base': '/home/thaslim/ros2_ws/build/submarine_control', 'catkin_cmake_args': None, 'catkin_skip_building_tests': False, 'cmake_args': None, 'cmake_clean_cache': False, 'cmake_clean_first': False, 'cmake_force_configure': False, 'cmake_target': None, 'cmake_target_skip_unavailable': False, 'install_base': '/home/thaslim/ros2_ws/install/submarine_control', 'merge_install': False, 'path': '/home/thaslim/ros2_ws/src/submarine_control', 'symlink_install': True, 'test_result_base': None}
[0.798s] Level 5:colcon.colcon_core.verb:set package 'talker_listener' build argument 'cmake_args' from command line to 'None'
[0.798s] Level 5:colcon.colcon_core.verb:set package 'talker_listener' build argument 'cmake_target' from command line to 'None'
[0.798s] Level 5:colcon.colcon_core.verb:set package 'talker_listener' build argument 'cmake_target_skip_unavailable' from command line to 'False'
[0.798s] Level 5:colcon.colcon_core.verb:set package 'talker_listener' build argument 'cmake_clean_cache' from command line to 'False'
[0.798s] Level 5:colcon.colcon_core.verb:set package 'talker_listener' build argument 'cmake_clean_first' from command line to 'False'
[0.798s] Level 5:colcon.colcon_core.verb:set package 'talker_listener' build argument 'cmake_force_configure' from command line to 'False'
[0.798s] Level 5:colcon.colcon_core.verb:set package 'talker_listener' build argument 'ament_cmake_args' from command line to 'None'
[0.798s] Level 5:colcon.colcon_core.verb:set package 'talker_listener' build argument 'catkin_cmake_args' from command line to 'None'
[0.798s] Level 5:colcon.colcon_core.verb:set package 'talker_listener' build argument 'catkin_skip_building_tests' from command line to 'False'
[0.798s] DEBUG:colcon.colcon_core.verb:Building package 'talker_listener' with the following arguments: {'ament_cmake_args': None, 'build_base': '/home/thaslim/ros2_ws/build/talker_listener', 'catkin_cmake_args': None, 'catkin_skip_building_tests': False, 'cmake_args': None, 'cmake_clean_cache': False, 'cmake_clean_first': False, 'cmake_force_configure': False, 'cmake_target': None, 'cmake_target_skip_unavailable': False, 'install_base': '/home/thaslim/ros2_ws/install/talker_listener', 'merge_install': False, 'path': '/home/thaslim/ros2_ws/talker_listener', 'symlink_install': True, 'test_result_base': None}
[0.798s] INFO:colcon.colcon_core.executor:Executing jobs using 'parallel' executor
[0.800s] DEBUG:colcon.colcon_parallel_executor.executor.parallel:run_until_complete
[0.800s] INFO:colcon.colcon_ros.task.ament_cmake.build:Building ROS package in '/home/thaslim/ros2_ws/src/remus100_sim' with build type 'ament_cmake'
[0.801s] INFO:colcon.colcon_cmake.task.cmake.build:Building CMake package in '/home/thaslim/ros2_ws/src/remus100_sim'
[0.805s] INFO:colcon.colcon_core.plugin_system:Skipping extension 'colcon_core.shell.bat': Not used on non-Windows systems
[0.806s] INFO:colcon.colcon_core.shell:Skip shell extension 'powershell' for command environment: Not usable outside of PowerShell
[0.806s] DEBUG:colcon.colcon_core.shell:Skip shell extension 'dsv' for command environment
[0.816s] INFO:colcon.colcon_ros.task.ament_python.build:Building ROS package in '/home/thaslim/ros2_ws/src/submarine_control' with build type 'ament_python'
[0.817s] Level 1:colcon.colcon_core.shell:create_environment_hook('submarine_control', 'ament_prefix_path')
[0.818s] INFO:colcon.colcon_core.shell:Creating environment hook '/home/thaslim/ros2_ws/install/submarine_control/share/submarine_control/hook/ament_prefix_path.ps1'
[0.821s] INFO:colcon.colcon_core.shell:Creating environment descriptor '/home/thaslim/ros2_ws/install/submarine_control/share/submarine_control/hook/ament_prefix_path.dsv'
[0.822s] INFO:colcon.colcon_core.shell:Creating environment hook '/home/thaslim/ros2_ws/install/submarine_control/share/submarine_control/hook/ament_prefix_path.sh'
[0.824s] INFO:colcon.colcon_core.shell:Skip shell extension 'powershell' for command environment: Not usable outside of PowerShell
[0.824s] DEBUG:colcon.colcon_core.shell:Skip shell extension 'dsv' for command environment
[0.831s] INFO:colcon.colcon_ros.task.ament_python.build:Building ROS package in '/home/thaslim/ros2_ws/talker_listener' with build type 'ament_python'
[0.831s] Level 1:colcon.colcon_core.shell:create_environment_hook('talker_listener', 'ament_prefix_path')
[0.831s] INFO:colcon.colcon_core.shell:Creating environment hook '/home/thaslim/ros2_ws/install/talker_listener/share/talker_listener/hook/ament_prefix_path.ps1'
[0.833s] INFO:colcon.colcon_core.shell:Creating environment descriptor '/home/thaslim/ros2_ws/install/talker_listener/share/talker_listener/hook/ament_prefix_path.dsv'
[0.834s] INFO:colcon.colcon_core.shell:Creating environment hook '/home/thaslim/ros2_ws/install/talker_listener/share/talker_listener/hook/ament_prefix_path.sh'
[0.835s] INFO:colcon.colcon_core.shell:Skip shell extension 'powershell' for command environment: Not usable outside of PowerShell
[0.835s] DEBUG:colcon.colcon_core.shell:Skip shell extension 'dsv' for command environment
[0.856s] DEBUG:colcon.colcon_core.event_handler.log_command:Invoking command in '/home/thaslim/ros2_ws/build/remus100_sim': CMAKE_PREFIX_PATH=${CMAKE_PREFIX_PATH}:/opt/ros/humble /usr/bin/cmake /home/thaslim/ros2_ws/src/remus100_sim -DAMENT_CMAKE_SYMLINK_INSTALL=1 -DCMAKE_INSTALL_PREFIX=/home/thaslim/ros2_ws/install/remus100_sim
[1.583s] INFO:colcon.colcon_core.task.python.build:Building Python package in '/home/thaslim/ros2_ws/src/submarine_control'
[1.583s] INFO:colcon.colcon_core.shell:Skip shell extension 'powershell' for command environment: Not usable outside of PowerShell
[1.584s] DEBUG:colcon.colcon_core.shell:Skip shell extension 'dsv' for command environment
[2.131s] INFO:colcon.colcon_core.task.python.build:Building Python package in '/home/thaslim/ros2_ws/talker_listener'
[2.131s] INFO:colcon.colcon_core.shell:Skip shell extension 'powershell' for command environment: Not usable outside of PowerShell
[2.132s] DEBUG:colcon.colcon_core.shell:Skip shell extension 'dsv' for command environment
[2.148s] DEBUG:colcon.colcon_core.event_handler.log_command:Invoked command in '/home/thaslim/ros2_ws/build/remus100_sim' returned '0': CMAKE_PREFIX_PATH=${CMAKE_PREFIX_PATH}:/opt/ros/humble /usr/bin/cmake /home/thaslim/ros2_ws/src/remus100_sim -DAMENT_CMAKE_SYMLINK_INSTALL=1 -DCMAKE_INSTALL_PREFIX=/home/thaslim/ros2_ws/install/remus100_sim
[2.150s] DEBUG:colcon.colcon_core.event_handler.log_command:Invoking command in '/home/thaslim/ros2_ws/build/remus100_sim': CMAKE_PREFIX_PATH=${CMAKE_PREFIX_PATH}:/opt/ros/humble /usr/bin/cmake --build /home/thaslim/ros2_ws/build/remus100_sim -- -j12 -l12
[2.239s] DEBUG:colcon.colcon_core.event_handler.log_command:Invoked command in '/home/thaslim/ros2_ws/build/remus100_sim' returned '0': CMAKE_PREFIX_PATH=${CMAKE_PREFIX_PATH}:/opt/ros/humble /usr/bin/cmake --build /home/thaslim/ros2_ws/build/remus100_sim -- -j12 -l12
[2.259s] DEBUG:colcon.colcon_core.event_handler.log_command:Invoking command in '/home/thaslim/ros2_ws/build/remus100_sim': CMAKE_PREFIX_PATH=${CMAKE_PREFIX_PATH}:/opt/ros/humble /usr/bin/cmake --install /home/thaslim/ros2_ws/build/remus100_sim
[2.623s] Level 1:colcon.colcon_core.environment:create_environment_scripts_only(remus100_sim)
[2.623s] DEBUG:colcon.colcon_core.event_handler.log_command:Invoked command in '/home/thaslim/ros2_ws/build/remus100_sim' returned '0': CMAKE_PREFIX_PATH=${CMAKE_PREFIX_PATH}:/opt/ros/humble /usr/bin/cmake --install /home/thaslim/ros2_ws/build/remus100_sim
[2.627s] Level 1:colcon.colcon_core.environment:checking '/home/thaslim/ros2_ws/install/remus100_sim' for CMake module files
[2.629s] Level 1:colcon.colcon_core.environment:checking '/home/thaslim/ros2_ws/install/remus100_sim' for CMake config files
[2.629s] Level 1:colcon.colcon_core.shell:create_environment_hook('remus100_sim', 'cmake_prefix_path')
[2.630s] INFO:colcon.colcon_core.shell:Creating environment hook '/home/thaslim/ros2_ws/install/remus100_sim/share/remus100_sim/hook/cmake_prefix_path.ps1'
[2.631s] INFO:colcon.colcon_core.shell:Creating environment descriptor '/home/thaslim/ros2_ws/install/remus100_sim/share/remus100_sim/hook/cmake_prefix_path.dsv'
[2.631s] INFO:colcon.colcon_core.shell:Creating environment hook '/home/thaslim/ros2_ws/install/remus100_sim/share/remus100_sim/hook/cmake_prefix_path.sh'
[2.632s] Level 1:colcon.colcon_core.environment:checking '/home/thaslim/ros2_ws/install/remus100_sim/lib'
[2.632s] Level 1:colcon.colcon_core.environment:checking '/home/thaslim/ros2_ws/install/remus100_sim/bin'
[2.633s] Level 1:colcon.colcon_core.environment:checking '/home/thaslim/ros2_ws/install/remus100_sim/lib/pkgconfig/remus100_sim.pc'
[2.633s] Level 1:colcon.colcon_core.environment:checking '/home/thaslim/ros2_ws/install/remus100_sim/lib/python3.10/site-packages'
[2.634s] Level 1:colcon.colcon_core.environment:checking '/home/thaslim/ros2_ws/install/remus100_sim/bin'
[2.634s] INFO:colcon.colcon_core.shell:Creating package script '/home/thaslim/ros2_ws/install/remus100_sim/share/remus100_sim/package.ps1'
[2.636s] INFO:colcon.colcon_core.shell:Creating package descriptor '/home/thaslim/ros2_ws/install/remus100_sim/share/remus100_sim/package.dsv'
[2.638s] INFO:colcon.colcon_core.shell:Creating package script '/home/thaslim/ros2_ws/install/remus100_sim/share/remus100_sim/package.sh'
[2.639s] INFO:colcon.colcon_core.shell:Creating package script '/home/thaslim/ros2_ws/install/remus100_sim/share/remus100_sim/package.bash'
[2.640s] INFO:colcon.colcon_core.shell:Creating package script '/home/thaslim/ros2_ws/install/remus100_sim/share/remus100_sim/package.zsh'
[2.640s] Level 1:colcon.colcon_core.environment:create_file_with_runtime_dependencies(/home/thaslim/ros2_ws/install/remus100_sim/share/colcon-core/packages/remus100_sim)
[2.641s] Level 1:colcon.colcon_core.environment:create_environment_scripts_only(remus100_sim)
[2.642s] Level 1:colcon.colcon_core.environment:checking '/home/thaslim/ros2_ws/install/remus100_sim' for CMake module files
[2.642s] Level 1:colcon.colcon_core.environment:checking '/home/thaslim/ros2_ws/install/remus100_sim' for CMake config files
[2.643s] Level 1:colcon.colcon_core.shell:create_environment_hook('remus100_sim', 'cmake_prefix_path')
[2.643s] INFO:colcon.colcon_core.shell:Creating environment hook '/home/thaslim/ros2_ws/install/remus100_sim/share/remus100_sim/hook/cmake_prefix_path.ps1'
[2.644s] INFO:colcon.colcon_core.shell:Creating environment descriptor '/home/thaslim/ros2_ws/install/remus100_sim/share/remus100_sim/hook/cmake_prefix_path.dsv'
[2.644s] INFO:colcon.colcon_core.shell:Creating environment hook '/home/thaslim/ros2_ws/install/remus100_sim/share/remus100_sim/hook/cmake_prefix_path.sh'
[2.645s] Level 1:colcon.colcon_core.environment:checking '/home/thaslim/ros2_ws/install/remus100_sim/lib'
[2.645s] Level 1:colcon.colcon_core.environment:checking '/home/thaslim/ros2_ws/install/remus100_sim/bin'
[2.646s] Level 1:colcon.colcon_core.environment:checking '/home/thaslim/ros2_ws/install/remus100_sim/lib/pkgconfig/remus100_sim.pc'
[2.646s] Level 1:colcon.colcon_core.environment:checking '/home/thaslim/ros2_ws/install/remus100_sim/lib/python3.10/site-packages'
[2.647s] Level 1:colcon.colcon_core.environment:checking '/home/thaslim/ros2_ws/install/remus100_sim/bin'
[2.648s] INFO:colcon.colcon_core.shell:Creating package script '/home/thaslim/ros2_ws/install/remus100_sim/share/remus100_sim/package.ps1'
[2.649s] INFO:colcon.colcon_core.shell:Creating package descriptor '/home/thaslim/ros2_ws/install/remus100_sim/share/remus100_sim/package.dsv'
[2.650s] INFO:colcon.colcon_core.shell:Creating package script '/home/thaslim/ros2_ws/install/remus100_sim/share/remus100_sim/package.sh'
[2.651s] INFO:colcon.colcon_core.shell:Creating package script '/home/thaslim/ros2_ws/install/remus100_sim/share/remus100_sim/package.bash'
[2.651s] INFO:colcon.colcon_core.shell:Creating package script '/home/thaslim/ros2_ws/install/remus100_sim/share/remus100_sim/package.zsh'
[2.652s] Level 1:colcon.colcon_core.environment:create_file_with_runtime_dependencies(/home/thaslim/ros2_ws/install/remus100_sim/share/colcon-core/packages/remus100_sim)
[2.934s] DEBUG:colcon.colcon_core.event_handler.log_command:Invoking command in '/home/thaslim/ros2_ws/build/submarine_control': PYTHONPATH=/home/thaslim/ros2_ws/build/submarine_control/prefix_override:/usr/lib/python3/dist-packages/colcon_core/task/python/colcon_distutils_commands:/home/thaslim/ros2_ws/install/submarine_control/lib/python3.10/site-packages:${PYTHONPATH} /usr/bin/python3 -W ignore:setup.py install is deprecated -W ignore:easy_install command is deprecated setup.py develop --editable --build-directory /home/thaslim/ros2_ws/build/submarine_control/build --no-deps symlink_data
[3.097s] DEBUG:colcon.colcon_core.event_handler.log_command:Invoking command in '/home/thaslim/ros2_ws/build/talker_listener': PYTHONPATH=/home/thaslim/ros2_ws/build/talker_listener/prefix_override:/usr/lib/python3/dist-packages/colcon_core/task/python/colcon_distutils_commands:/home/thaslim/ros2_ws/install/talker_listener/lib/python3.10/site-packages:${PYTHONPATH} /usr/bin/python3 -W ignore:setup.py install is deprecated -W ignore:easy_install command is deprecated setup.py develop --editable --build-directory /home/thaslim/ros2_ws/build/talker_listener/build --no-deps symlink_data
[4.312s] Level 1:colcon.colcon_core.shell:create_environment_hook('submarine_control', 'pythonpath_develop')
[4.313s] INFO:colcon.colcon_core.shell:Creating environment hook '/home/thaslim/ros2_ws/build/submarine_control/share/submarine_control/hook/pythonpath_develop.ps1'
[4.313s] DEBUG:colcon.colcon_core.event_handler.log_command:Invoked command in '/home/thaslim/ros2_ws/build/submarine_control' returned '0': PYTHONPATH=/home/thaslim/ros2_ws/build/submarine_control/prefix_override:/usr/lib/python3/dist-packages/colcon_core/task/python/colcon_distutils_commands:/home/thaslim/ros2_ws/install/submarine_control/lib/python3.10/site-packages:${PYTHONPATH} /usr/bin/python3 -W ignore:setup.py install is deprecated -W ignore:easy_install command is deprecated setup.py develop --editable --build-directory /home/thaslim/ros2_ws/build/submarine_control/build --no-deps symlink_data
[4.316s] INFO:colcon.colcon_core.shell:Creating environment descriptor '/home/thaslim/ros2_ws/build/submarine_control/share/submarine_control/hook/pythonpath_develop.dsv'
[4.317s] INFO:colcon.colcon_core.shell:Creating environment hook '/home/thaslim/ros2_ws/build/submarine_control/share/submarine_control/hook/pythonpath_develop.sh'
[4.318s] Level 1:colcon.colcon_core.environment:checking '/home/thaslim/ros2_ws/install/submarine_control' for CMake module files
[4.319s] Level 1:colcon.colcon_core.environment:checking '/home/thaslim/ros2_ws/install/submarine_control' for CMake config files
[4.321s] Level 1:colcon.colcon_core.environment:checking '/home/thaslim/ros2_ws/install/submarine_control/lib'
[4.321s] Level 1:colcon.colcon_core.environment:checking '/home/thaslim/ros2_ws/install/submarine_control/bin'
[4.321s] Level 1:colcon.colcon_core.environment:checking '/home/thaslim/ros2_ws/install/submarine_control/lib/pkgconfig/submarine_control.pc'
[4.322s] Level 1:colcon.colcon_core.environment:checking '/home/thaslim/ros2_ws/install/submarine_control/lib/python3.10/site-packages'
[4.322s] Level 1:colcon.colcon_core.shell:create_environment_hook('submarine_control', 'pythonpath')
[4.323s] INFO:colcon.colcon_core.shell:Creating environment hook '/home/thaslim/ros2_ws/install/submarine_control/share/submarine_control/hook/pythonpath.ps1'
[4.324s] INFO:colcon.colcon_core.shell:Creating environment descriptor '/home/thaslim/ros2_ws/install/submarine_control/share/submarine_control/hook/pythonpath.dsv'
[4.326s] INFO:colcon.colcon_core.shell:Creating environment hook '/home/thaslim/ros2_ws/install/submarine_control/share/submarine_control/hook/pythonpath.sh'
[4.327s] Level 1:colcon.colcon_core.environment:checking '/home/thaslim/ros2_ws/install/submarine_control/bin'
[4.328s] Level 1:colcon.colcon_core.environment:create_environment_scripts_only(submarine_control)
[4.329s] INFO:colcon.colcon_core.shell:Creating package script '/home/thaslim/ros2_ws/install/submarine_control/share/submarine_control/package.ps1'
[4.331s] INFO:colcon.colcon_core.shell:Creating package descriptor '/home/thaslim/ros2_ws/install/submarine_control/share/submarine_control/package.dsv'
[4.332s] INFO:colcon.colcon_core.shell:Creating package script '/home/thaslim/ros2_ws/install/submarine_control/share/submarine_control/package.sh'
[4.334s] INFO:colcon.colcon_core.shell:Creating package script '/home/thaslim/ros2_ws/install/submarine_control/share/submarine_control/package.bash'
[4.335s] INFO:colcon.colcon_core.shell:Creating package script '/home/thaslim/ros2_ws/install/submarine_control/share/submarine_control/package.zsh'
[4.335s] Level 1:colcon.colcon_core.environment:create_file_with_runtime_dependencies(/home/thaslim/ros2_ws/install/submarine_control/share/colcon-core/packages/submarine_control)
[4.343s] Level 1:colcon.colcon_core.shell:create_environment_hook('talker_listener', 'pythonpath_develop')
[4.344s] INFO:colcon.colcon_core.shell:Creating environment hook '/home/thaslim/ros2_ws/build/talker_listener/share/talker_listener/hook/pythonpath_develop.ps1'
[4.344s] DEBUG:colcon.colcon_core.event_handler.log_command:Invoked command in '/home/thaslim/ros2_ws/build/talker_listener' returned '0': PYTHONPATH=/home/thaslim/ros2_ws/build/talker_listener/prefix_override:/usr/lib/python3/dist-packages/colcon_core/task/python/colcon_distutils_commands:/home/thaslim/ros2_ws/install/talker_listener/lib/python3.10/site-packages:${PYTHONPATH} /usr/bin/python3 -W ignore:setup.py install is deprecated -W ignore:easy_install command is deprecated setup.py develop --editable --build-directory /home/thaslim/ros2_ws/build/talker_listener/build --no-deps symlink_data
[4.345s] INFO:colcon.colcon_core.shell:Creating environment descriptor '/home/thaslim/ros2_ws/build/talker_listener/share/talker_listener/hook/pythonpath_develop.dsv'
[4.346s] INFO:colcon.colcon_core.shell:Creating environment hook '/home/thaslim/ros2_ws/build/talker_listener/share/talker_listener/hook/pythonpath_develop.sh'
[4.347s] Level 1:colcon.colcon_core.environment:checking '/home/thaslim/ros2_ws/install/talker_listener' for CMake module files
[4.348s] Level 1:colcon.colcon_core.environment:checking '/home/thaslim/ros2_ws/install/talker_listener' for CMake config files
[4.349s] Level 1:colcon.colcon_core.environment:checking '/home/thaslim/ros2_ws/install/talker_listener/lib'
[4.350s] Level 1:colcon.colcon_core.environment:checking '/home/thaslim/ros2_ws/install/talker_listener/bin'
[4.350s] Level 1:colcon.colcon_core.environment:checking '/home/thaslim/ros2_ws/install/talker_listener/lib/pkgconfig/talker_listener.pc'
[4.351s] Level 1:colcon.colcon_core.environment:checking '/home/thaslim/ros2_ws/install/talker_listener/lib/python3.10/site-packages'
[4.351s] Level 1:colcon.colcon_core.shell:create_environment_hook('talker_listener', 'pythonpath')
[4.351s] INFO:colcon.colcon_core.shell:Creating environment hook '/home/thaslim/ros2_ws/install/talker_listener/share/talker_listener/hook/pythonpath.ps1'
[4.353s] INFO:colcon.colcon_core.shell:Creating environment descriptor '/home/thaslim/ros2_ws/install/talker_listener/share/talker_listener/hook/pythonpath.dsv'
[4.354s] INFO:colcon.colcon_core.shell:Creating environment hook '/home/thaslim/ros2_ws/install/talker_listener/share/talker_listener/hook/pythonpath.sh'
[4.355s] Level 1:colcon.colcon_core.environment:checking '/home/thaslim/ros2_ws/install/talker_listener/bin'
[4.355s] Level 1:colcon.colcon_core.environment:create_environment_scripts_only(talker_listener)
[4.355s] INFO:colcon.colcon_core.shell:Creating package script '/home/thaslim/ros2_ws/install/talker_listener/share/talker_listener/package.ps1'
[4.357s] INFO:colcon.colcon_core.shell:Creating package descriptor '/home/thaslim/ros2_ws/install/talker_listener/share/talker_listener/package.dsv'
[4.358s] INFO:colcon.colcon_core.shell:Creating package script '/home/thaslim/ros2_ws/install/talker_listener/share/talker_listener/package.sh'
[4.360s] INFO:colcon.colcon_core.shell:Creating package script '/home/thaslim/ros2_ws/install/talker_listener/share/talker_listener/package.bash'
[4.361s] INFO:colcon.colcon_core.shell:Creating package script '/home/thaslim/ros2_ws/install/talker_listener/share/talker_listener/package.zsh'
[4.362s] Level 1:colcon.colcon_core.environment:create_file_with_runtime_dependencies(/home/thaslim/ros2_ws/install/talker_listener/share/colcon-core/packages/talker_listener)
[4.363s] DEBUG:colcon.colcon_parallel_executor.executor.parallel:closing loop
[4.364s] DEBUG:colcon.colcon_parallel_executor.executor.parallel:loop closed
[4.365s] DEBUG:colcon.colcon_parallel_executor.executor.parallel:run_until_complete finished with '0'
[4.365s] DEBUG:colcon.colcon_core.event_reactor:joining thread
[4.377s] INFO:colcon.colcon_core.plugin_system:Skipping extension 'colcon_notification.desktop_notification.terminal_notifier': Not used on non-Darwin systems
[4.378s] INFO:colcon.colcon_core.plugin_system:Skipping extension 'colcon_notification.desktop_notification.win32': Not used on non-Windows systems
[4.378s] INFO:colcon.colcon_notification.desktop_notification:Sending desktop notification using 'notify2'
[4.407s] DEBUG:colcon.colcon_core.event_reactor:joined thread
[4.408s] INFO:colcon.colcon_core.shell:Creating prefix script '/home/thaslim/ros2_ws/install/local_setup.ps1'
[4.411s] INFO:colcon.colcon_core.shell:Creating prefix util module '/home/thaslim/ros2_ws/install/_local_setup_util_ps1.py'
[4.414s] INFO:colcon.colcon_core.shell:Creating prefix chain script '/home/thaslim/ros2_ws/install/setup.ps1'
[4.416s] INFO:colcon.colcon_core.shell:Creating prefix script '/home/thaslim/ros2_ws/install/local_setup.sh'
[4.417s] INFO:colcon.colcon_core.shell:Creating prefix util module '/home/thaslim/ros2_ws/install/_local_setup_util_sh.py'
[4.418s] INFO:colcon.colcon_core.shell:Creating prefix chain script '/home/thaslim/ros2_ws/install/setup.sh'
[4.420s] INFO:colcon.colcon_core.shell:Creating prefix script '/home/thaslim/ros2_ws/install/local_setup.bash'
[4.421s] INFO:colcon.colcon_core.shell:Creating prefix chain script '/home/thaslim/ros2_ws/install/setup.bash'
[4.422s] INFO:colcon.colcon_core.shell:Creating prefix script '/home/thaslim/ros2_ws/install/local_setup.zsh'
[4.423s] INFO:colcon.colcon_core.shell:Creating prefix chain script '/home/thaslim/ros2_ws/install/setup.zsh'
