-- Found ament_cmake: 1.3.11 (/opt/ros/humble/share/ament_cmake/cmake)
-- Override CMake install command with custom implementation using symlinks instead of copying resources
-- Found rclpy: 3.3.15 (/opt/ros/humble/share/rclpy/cmake)
-- Found geometry_msgs: 4.2.4 (/opt/ros/humble/share/geometry_msgs/cmake)
-- Found rosidl_generator_c: 3.1.6 (/opt/ros/humble/share/rosidl_generator_c/cmake)
-- Found rosidl_adapter: 3.1.6 (/opt/ros/humble/share/rosidl_adapter/cmake)
-- Found rosidl_generator_cpp: 3.1.6 (/opt/ros/humble/share/rosidl_generator_cpp/cmake)
-- Using all available rosidl_typesupport_c: rosidl_typesupport_fastrtps_c;rosidl_typesupport_introspection_c
-- Using all available rosidl_typesupport_cpp: rosidl_typesupport_fastrtps_cpp;rosidl_typesupport_introspection_cpp
-- Configuring done
-- Generating done
-- Build files have been written to: /home/thaslim/ros2_ws/build/remus100_sim
-- Install configuration: ""
-- Execute custom install script
-- Symlinking: /home/thaslim/ros2_ws/install/remus100_sim/lib/remus100_sim/robot_gui.py
-- Symlinking: /home/thaslim/ros2_ws/install/remus100_sim/share/remus100_sim/launch/auv_robot.launch.py
-- Symlinking: /home/thaslim/ros2_ws/install/remus100_sim/share/remus100_sim/launch/launch_sim.launch.py
-- Symlinking: /home/thaslim/ros2_ws/install/remus100_sim/share/remus100_sim/launch/launch_sim.py
-- Symlinking: /home/thaslim/ros2_ws/install/remus100_sim/share/ament_index/resource_index/package_run_dependencies/remus100_sim
-- Symlinking: /home/thaslim/ros2_ws/install/remus100_sim/share/ament_index/resource_index/parent_prefix_path/remus100_sim
-- Symlinking: /home/thaslim/ros2_ws/install/remus100_sim/share/remus100_sim/environment/ament_prefix_path.sh
-- Symlinking: /home/thaslim/ros2_ws/install/remus100_sim/share/remus100_sim/environment/ament_prefix_path.dsv
-- Symlinking: /home/thaslim/ros2_ws/install/remus100_sim/share/remus100_sim/environment/path.sh
-- Symlinking: /home/thaslim/ros2_ws/install/remus100_sim/share/remus100_sim/environment/path.dsv
-- Symlinking: /home/thaslim/ros2_ws/install/remus100_sim/share/remus100_sim/local_setup.bash
-- Symlinking: /home/thaslim/ros2_ws/install/remus100_sim/share/remus100_sim/local_setup.sh
-- Symlinking: /home/thaslim/ros2_ws/install/remus100_sim/share/remus100_sim/local_setup.zsh
-- Symlinking: /home/thaslim/ros2_ws/install/remus100_sim/share/remus100_sim/local_setup.dsv
-- Symlinking: /home/thaslim/ros2_ws/install/remus100_sim/share/remus100_sim/package.dsv
-- Symlinking: /home/thaslim/ros2_ws/install/remus100_sim/share/ament_index/resource_index/packages/remus100_sim
-- Symlinking: /home/thaslim/ros2_ws/install/remus100_sim/share/remus100_sim/cmake/remus100_simConfig.cmake
-- Symlinking: /home/thaslim/ros2_ws/install/remus100_sim/share/remus100_sim/cmake/remus100_simConfig-version.cmake
-- Symlinking: /home/thaslim/ros2_ws/install/remus100_sim/share/remus100_sim/package.xml
