[0.054s] Invoking command in '/home/thaslim/ros2_ws/build/remus100_sim': CMAKE_PREFIX_PATH=${CMAKE_PREFIX_PATH}:/opt/ros/humble /usr/bin/cmake /home/thaslim/ros2_ws/src/remus100_sim -DAMENT_CMAKE_SYMLINK_INSTALL=1 -DCMAKE_INSTALL_PREFIX=/home/thaslim/ros2_ws/install/remus100_sim
[0.798s] -- Found ament_cmake: 1.3.11 (/opt/ros/humble/share/ament_cmake/cmake)
[0.798s] -- Override CMake install command with custom implementation using symlinks instead of copying resources
[0.798s] -- Found rclpy: 3.3.15 (/opt/ros/humble/share/rclpy/cmake)
[0.799s] -- Found geometry_msgs: 4.2.4 (/opt/ros/humble/share/geometry_msgs/cmake)
[0.799s] -- Found rosidl_generator_c: 3.1.6 (/opt/ros/humble/share/rosidl_generator_c/cmake)
[0.799s] -- Found rosidl_adapter: 3.1.6 (/opt/ros/humble/share/rosidl_adapter/cmake)
[0.799s] -- Found rosidl_generator_cpp: 3.1.6 (/opt/ros/humble/share/rosidl_generator_cpp/cmake)
[0.800s] -- Using all available rosidl_typesupport_c: rosidl_typesupport_fastrtps_c;rosidl_typesupport_introspection_c
[0.800s] -- Using all available rosidl_typesupport_cpp: rosidl_typesupport_fastrtps_cpp;rosidl_typesupport_introspection_cpp
[0.800s] -- Configuring done
[0.800s] -- Generating done
[0.802s] -- Build files have been written to: /home/thaslim/ros2_ws/build/remus100_sim
[1.347s] Invoked command in '/home/thaslim/ros2_ws/build/remus100_sim' returned '0': CMAKE_PREFIX_PATH=${CMAKE_PREFIX_PATH}:/opt/ros/humble /usr/bin/cmake /home/thaslim/ros2_ws/src/remus100_sim -DAMENT_CMAKE_SYMLINK_INSTALL=1 -DCMAKE_INSTALL_PREFIX=/home/thaslim/ros2_ws/install/remus100_sim
[1.350s] Invoking command in '/home/thaslim/ros2_ws/build/remus100_sim': CMAKE_PREFIX_PATH=${CMAKE_PREFIX_PATH}:/opt/ros/humble /usr/bin/cmake --build /home/thaslim/ros2_ws/build/remus100_sim -- -j12 -l12
[1.438s] Invoked command in '/home/thaslim/ros2_ws/build/remus100_sim' returned '0': CMAKE_PREFIX_PATH=${CMAKE_PREFIX_PATH}:/opt/ros/humble /usr/bin/cmake --build /home/thaslim/ros2_ws/build/remus100_sim -- -j12 -l12
[1.459s] Invoking command in '/home/thaslim/ros2_ws/build/remus100_sim': CMAKE_PREFIX_PATH=${CMAKE_PREFIX_PATH}:/opt/ros/humble /usr/bin/cmake --install /home/thaslim/ros2_ws/build/remus100_sim
[1.477s] -- Install configuration: ""
[1.478s] -- Execute custom install script
[1.479s] -- Symlinking: /home/thaslim/ros2_ws/install/remus100_sim/lib/remus100_sim/robot_gui.py
[1.499s] -- Symlinking: /home/thaslim/ros2_ws/install/remus100_sim/share/remus100_sim/launch/auv_robot.launch.py
[1.513s] -- Symlinking: /home/thaslim/ros2_ws/install/remus100_sim/share/remus100_sim/launch/launch_sim.launch.py
[1.529s] -- Symlinking: /home/thaslim/ros2_ws/install/remus100_sim/share/remus100_sim/launch/launch_sim.py
[1.545s] -- Symlinking: /home/thaslim/ros2_ws/install/remus100_sim/share/ament_index/resource_index/package_run_dependencies/remus100_sim
[1.566s] -- Symlinking: /home/thaslim/ros2_ws/install/remus100_sim/share/ament_index/resource_index/parent_prefix_path/remus100_sim
[1.580s] -- Symlinking: /home/thaslim/ros2_ws/install/remus100_sim/share/remus100_sim/environment/ament_prefix_path.sh
[1.596s] -- Symlinking: /home/thaslim/ros2_ws/install/remus100_sim/share/remus100_sim/environment/ament_prefix_path.dsv
[1.617s] -- Symlinking: /home/thaslim/ros2_ws/install/remus100_sim/share/remus100_sim/environment/path.sh
[1.638s] -- Symlinking: /home/thaslim/ros2_ws/install/remus100_sim/share/remus100_sim/environment/path.dsv
[1.660s] -- Symlinking: /home/thaslim/ros2_ws/install/remus100_sim/share/remus100_sim/local_setup.bash
[1.675s] -- Symlinking: /home/thaslim/ros2_ws/install/remus100_sim/share/remus100_sim/local_setup.sh
[1.692s] -- Symlinking: /home/thaslim/ros2_ws/install/remus100_sim/share/remus100_sim/local_setup.zsh
[1.714s] -- Symlinking: /home/thaslim/ros2_ws/install/remus100_sim/share/remus100_sim/local_setup.dsv
[1.732s] -- Symlinking: /home/thaslim/ros2_ws/install/remus100_sim/share/remus100_sim/package.dsv
[1.752s] -- Symlinking: /home/thaslim/ros2_ws/install/remus100_sim/share/ament_index/resource_index/packages/remus100_sim
[1.772s] -- Symlinking: /home/thaslim/ros2_ws/install/remus100_sim/share/remus100_sim/cmake/remus100_simConfig.cmake
[1.791s] -- Symlinking: /home/thaslim/ros2_ws/install/remus100_sim/share/remus100_sim/cmake/remus100_simConfig-version.cmake
[1.805s] -- Symlinking: /home/thaslim/ros2_ws/install/remus100_sim/share/remus100_sim/package.xml
[1.823s] Invoked command in '/home/thaslim/ros2_ws/build/remus100_sim' returned '0': CMAKE_PREFIX_PATH=${CMAKE_PREFIX_PATH}:/opt/ros/humble /usr/bin/cmake --install /home/thaslim/ros2_ws/build/remus100_sim
